#
# There is insufficient memory for the Java Runtime Environment to continue.
# Native memory allocation (mmap) failed to map 132120576 bytes. Error detail: G1 virtual space
# Possible reasons:
#   The system is out of physical RAM or swap space
#   This process is running with CompressedOops enabled, and the Java Heap may be blocking the growth of the native heap
# Possible solutions:
#   Reduce memory load on the system
#   Increase physical memory or swap space
#   Check if swap backing store is full
#   Decrease Java heap size (-Xmx/-Xms)
#   Decrease number of Java threads
#   Decrease Java thread stack sizes (-Xss)
#   Set larger code cache with -XX:ReservedCodeCacheSize=
#   JVM is running with Unscaled Compressed Oops mode in which the Java heap is
#     placed in the first 4GB address space. The Java Heap base address is the
#     maximum limit for the native heap growth. Please use -XX:HeapBaseMinAddress
#     to set the Java Heap base and to place the Java Heap above 4GB virtual address.
# This output file may be truncated or incomplete.
#
#  Out of Memory Error (os_windows.cpp:3613), pid=9156, tid=6476
#
# JRE version:  (17.0.11+9) (build )
# Java VM: OpenJDK 64-Bit Server VM (17.0.11+9-adhoc..jdk17u, mixed mode, sharing, tiered, compressed oops, compressed class ptrs, g1 gc, windows-amd64)
# No core dump will be written. Minidumps are not enabled by default on client versions of Windows
#

---------------  S U M M A R Y ------------

Command Line: org.jetbrains.kotlin.cli.jvm.K2JVMCompiler @E:\reactNative\qwerty\node_modules\@react-native\gradle-plugin\build\20240723_5509956745781177892.compiler.options

Host: Intel(R) Core(TM) i5-6200U CPU @ 2.30GHz, 4 cores, 7G,  Windows 10 , 64 bit Build 19041 (10.0.19041.2913)
Time: Tue Jul 23 16:25:59 2024 India Standard Time elapsed time: 0.032803 seconds (0d 0h 0m 0s)

---------------  T H R E A D  ---------------

Current thread (0x000002836a22a1e0):  JavaThread "Unknown thread" [_thread_in_vm, id=6476, stack(0x000000f7c7100000,0x000000f7c7200000)]

Stack: [0x000000f7c7100000,0x000000f7c7200000]
Native frames: (J=compiled Java code, j=interpreted, Vv=VM code, C=native code)
V  [jvm.dll+0x67d009]
V  [jvm.dll+0x8348aa]
V  [jvm.dll+0x83636e]
V  [jvm.dll+0x8369d3]
V  [jvm.dll+0x2479df]
V  [jvm.dll+0x679e49]
V  [jvm.dll+0x66e8ba]
V  [jvm.dll+0x30755b]
V  [jvm.dll+0x30ea06]
V  [jvm.dll+0x35e40e]
V  [jvm.dll+0x35e63f]
V  [jvm.dll+0x2de298]
V  [jvm.dll+0x2df204]
V  [jvm.dll+0x806231]
V  [jvm.dll+0x36c161]
V  [jvm.dll+0x7e4c66]
V  [jvm.dll+0x3ef9cf]
V  [jvm.dll+0x3f1521]
C  [jli.dll+0x528f]
C  [ucrtbase.dll+0x21bb2]
C  [KERNEL32.DLL+0x17614]
C  [ntdll.dll+0x526a1]


---------------  P R O C E S S  ---------------

Threads class SMR info:
_java_thread_list=0x00007ff96b78eed8, length=0, elements={
}

Java Threads: ( => current thread )

Other Threads:
  0x000002836a284530 GCTaskThread "GC Thread#0" [stack: 0x000000f7c7200000,0x000000f7c7300000] [id=12104]
  0x000002836a294f80 ConcurrentGCThread "G1 Main Marker" [stack: 0x000000f7c7300000,0x000000f7c7400000] [id=184]
  0x000002836a297150 ConcurrentGCThread "G1 Conc#0" [stack: 0x000000f7c7400000,0x000000f7c7500000] [id=10148]

[error occurred during error reporting (printing all threads), id 0xc0000005, EXCEPTION_ACCESS_VIOLATION (0xc0000005) at pc=0x00007ff96af4ecd7]

VM state: not at safepoint (not fully initialized)

VM Mutex/Monitor currently owned by a thread:  ([mutex/lock_event])
[0x000002836a224a80] Heap_lock - owner thread: 0x000002836a22a1e0

Heap address: 0x0000000082800000, size: 2008 MB, Compressed Oops mode: 32-bit

CDS archive(s) mapped at: [0x0000000000000000-0x0000000000000000-0x0000000000000000), size 0, SharedBaseAddress: 0x0000000800000000, ArchiveRelocationMode: 1.
Narrow klass base: 0x0000000000000000, Narrow klass shift: 0, Narrow klass range: 0x0

GC Precious Log:
<Empty>

Heap:
 garbage-first heap   total 0K, used 0K [0x0000000082800000, 0x0000000100000000)
  region size 1024K, 0 young (0K), 0 survivors (0K)

[error occurred during error reporting (printing heap information), id 0xc0000005, EXCEPTION_ACCESS_VIOLATION (0xc0000005) at pc=0x00007ff96b336d29]

GC Heap History (0 events):
No events

Dll operation events (1 events):
Event: 0.020 Loaded shared library C:\Program Files\OpenLogic\jdk-17.0.11.9-hotspot\bin\java.dll

Deoptimization events (0 events):
No events

Classes unloaded (0 events):
No events

Classes redefined (0 events):
No events

Internal exceptions (0 events):
No events

VM Operations (0 events):
No events

Events (0 events):
No events


Dynamic libraries:
0x00007ff6696d0000 - 0x00007ff6696de000 	C:\Program Files\OpenLogic\jdk-17.0.11.9-hotspot\bin\java.exe
0x00007ff9c4970000 - 0x00007ff9c4b68000 	C:\Windows\SYSTEM32\ntdll.dll
0x00007ff9c3930000 - 0x00007ff9c39ef000 	C:\Windows\System32\KERNEL32.DLL
0x00007ff9c2080000 - 0x00007ff9c2376000 	C:\Windows\System32\KERNELBASE.dll
0x00007ff9c2380000 - 0x00007ff9c2480000 	C:\Windows\System32\ucrtbase.dll
0x00007ff9aa180000 - 0x00007ff9aa19b000 	C:\Program Files\OpenLogic\jdk-17.0.11.9-hotspot\bin\VCRUNTIME140.dll
0x00007ff9afb10000 - 0x00007ff9afb27000 	C:\Program Files\OpenLogic\jdk-17.0.11.9-hotspot\bin\jli.dll
0x00007ff9c4450000 - 0x00007ff9c45ed000 	C:\Windows\System32\USER32.dll
0x00007ff9c25a0000 - 0x00007ff9c25c2000 	C:\Windows\System32\win32u.dll
0x00007ff9c4900000 - 0x00007ff9c492c000 	C:\Windows\System32\GDI32.dll
0x00007ff9c2480000 - 0x00007ff9c2595000 	C:\Windows\System32\gdi32full.dll
0x00007ff9c2930000 - 0x00007ff9c29cd000 	C:\Windows\System32\msvcp_win.dll
0x00007ff9bb8f0000 - 0x00007ff9bbb8a000 	C:\Windows\WinSxS\amd64_microsoft.windows.common-controls_6595b64144ccf1df_6.0.19041.1110_none_60b5254171f9507e\COMCTL32.dll
0x00007ff9c4650000 - 0x00007ff9c46ee000 	C:\Windows\System32\msvcrt.dll
0x00007ff9c3760000 - 0x00007ff9c3790000 	C:\Windows\System32\IMM32.DLL
0x00007ff9b7580000 - 0x00007ff9b758c000 	C:\Program Files\OpenLogic\jdk-17.0.11.9-hotspot\bin\vcruntime140_1.dll
0x00007ff99ff60000 - 0x00007ff99ffed000 	C:\Program Files\OpenLogic\jdk-17.0.11.9-hotspot\bin\msvcp140.dll
0x00007ff96ac60000 - 0x00007ff96b8c2000 	C:\Program Files\OpenLogic\jdk-17.0.11.9-hotspot\bin\server\jvm.dll
0x00007ff9c29d0000 - 0x00007ff9c2a7f000 	C:\Windows\System32\ADVAPI32.dll
0x00007ff9c3890000 - 0x00007ff9c392c000 	C:\Windows\System32\sechost.dll
0x00007ff9c4320000 - 0x00007ff9c4446000 	C:\Windows\System32\RPCRT4.dll
0x00007ff9c1ec0000 - 0x00007ff9c1f0b000 	C:\Windows\SYSTEM32\POWRPROF.dll
0x00007ff9bc9d0000 - 0x00007ff9bc9d9000 	C:\Windows\SYSTEM32\WSOCK32.dll
0x00007ff9c4170000 - 0x00007ff9c41db000 	C:\Windows\System32\WS2_32.dll
0x00007ff9bdd50000 - 0x00007ff9bdd77000 	C:\Windows\SYSTEM32\WINMM.dll
0x00007ff9b84a0000 - 0x00007ff9b84aa000 	C:\Windows\SYSTEM32\VERSION.dll
0x00007ff9c1ea0000 - 0x00007ff9c1eb2000 	C:\Windows\SYSTEM32\UMPDC.dll
0x00007ff9bf940000 - 0x00007ff9bf952000 	C:\Windows\SYSTEM32\kernel.appcore.dll
0x00007ff9b7530000 - 0x00007ff9b753a000 	C:\Program Files\OpenLogic\jdk-17.0.11.9-hotspot\bin\jimage.dll
0x00007ff9bbd80000 - 0x00007ff9bbf64000 	C:\Windows\SYSTEM32\DBGHELP.DLL
0x00007ff9bbd40000 - 0x00007ff9bbd74000 	C:\Windows\SYSTEM32\dbgcore.DLL
0x00007ff9c28a0000 - 0x00007ff9c2922000 	C:\Windows\System32\bcryptPrimitives.dll
0x00007ff9a7bb0000 - 0x00007ff9a7bd5000 	C:\Program Files\OpenLogic\jdk-17.0.11.9-hotspot\bin\java.dll

dbghelp: loaded successfully - version: 4.0.5 - missing functions: none
symbol engine: initialized successfully - sym options: 0x614 - pdb path: .;C:\Program Files\OpenLogic\jdk-17.0.11.9-hotspot\bin;C:\Windows\SYSTEM32;C:\Windows\WinSxS\amd64_microsoft.windows.common-controls_6595b64144ccf1df_6.0.19041.1110_none_60b5254171f9507e;C:\Program Files\OpenLogic\jdk-17.0.11.9-hotspot\bin\server

VM Arguments:
java_command: org.jetbrains.kotlin.cli.jvm.K2JVMCompiler @E:\reactNative\qwerty\node_modules\@react-native\gradle-plugin\build\20240723_5509956745781177892.compiler.options
java_class_path (initial): C:\Users\APK\.gradle\caches\modules-2\files-2.1\org.jetbrains.kotlin\kotlin-compiler-embeddable\1.9.22\9cd4dc7773cf2a99ecd961a88fbbc9a2da3fb5e1\kotlin-compiler-embeddable-1.9.22.jar;C:\Users\APK\.gradle\caches\modules-2\files-2.1\org.jetbrains.kotlin\kotlin-stdlib\1.9.22\d6c44cd08d8f3f9bece8101216dbe6553365c6e3\kotlin-stdlib-1.9.22.jar;C:\Users\APK\.gradle\caches\modules-2\files-2.1\org.jetbrains.kotlin\kotlin-script-runtime\1.9.22\f8139a46fc677ec9badc49ae954392f4f5e7e7c7\kotlin-script-runtime-1.9.22.jar;C:\Users\APK\.gradle\caches\modules-2\files-2.1\org.jetbrains.kotlin\kotlin-reflect\1.6.10\1cbe9c92c12a94eea200d23c2bbaedaf3daf5132\kotlin-reflect-1.6.10.jar;C:\Users\APK\.gradle\caches\modules-2\files-2.1\org.jetbrains.kotlin\kotlin-daemon-embeddable\1.9.22\20e2c5df715f3240c765cfc222530e2796542021\kotlin-daemon-embeddable-1.9.22.jar;C:\Users\APK\.gradle\caches\modules-2\files-2.1\org.jetbrains.intellij.deps\trove4j\1.0.20200330\3afb14d5f9ceb459d724e907a21145e8ff394f02\trove4j-1.0.20200330.jar;C:\Users\APK\.gradle\caches\modules-2\files-2.1\org.jetbrains\annotations\13.0\919f0dfe192fb4e063e7dacadee7f8bb9a2672a9\annotations-13.0.jar
Launcher Type: SUN_STANDARD

[Global flags]
     intx CICompilerCount                          = 3                                         {product} {ergonomic}
     uint ConcGCThreads                            = 1                                         {product} {ergonomic}
     uint G1ConcRefinementThreads                  = 4                                         {product} {ergonomic}
   size_t G1HeapRegionSize                         = 1048576                                   {product} {ergonomic}
    uintx GCDrainStackTargetSize                   = 64                                        {product} {ergonomic}
   size_t InitialHeapSize                          = 132120576                                 {product} {ergonomic}
   size_t MarkStackSize                            = 4194304                                   {product} {ergonomic}
   size_t MaxHeapSize                              = 2105540608                                {product} {ergonomic}
   size_t MinHeapDeltaBytes                        = 1048576                                   {product} {ergonomic}
   size_t MinHeapSize                              = 8388608                                   {product} {ergonomic}
    uintx NonNMethodCodeHeapSize                   = 5832780                                {pd product} {ergonomic}
    uintx NonProfiledCodeHeapSize                  = 122912730                              {pd product} {ergonomic}
    uintx ProfiledCodeHeapSize                     = 122912730                              {pd product} {ergonomic}
    uintx ReservedCodeCacheSize                    = 251658240                              {pd product} {ergonomic}
     bool SegmentedCodeCache                       = true                                      {product} {ergonomic}
   size_t SoftMaxHeapSize                          = 2105540608                             {manageable} {ergonomic}
     bool UseCompressedClassPointers               = true                           {product lp64_product} {ergonomic}
     bool UseCompressedOops                        = true                           {product lp64_product} {ergonomic}
     bool UseG1GC                                  = true                                      {product} {ergonomic}
     bool UseLargePagesIndividualAllocation        = false                                  {pd product} {ergonomic}

Logging:
Log output configuration:
 #0: stdout all=warning uptime,level,tags
 #1: stderr all=off uptime,level,tags

Environment Variables:
JAVA_HOME=C:\Program Files\OpenLogic\jdk-17.0.11.9-hotspot\
CLASSPATH=E:\reactNative\qwerty\android\\gradle\wrapper\gradle-wrapper.jar
PATH=E:\reactNative\qwerty\node_modules\.bin;E:\reactNative\qwerty\node_modules\.bin;E:\reactNative\node_modules\.bin;E:\node_modules\.bin;C:\Users\APK\AppData\Roaming\npm\node_modules\npm\node_modules\@npmcli\run-script\lib\node-gyp-bin;E:\reactNative\qwerty\node_modules\.bin;E:\reactNative\qwerty\node_modules\.bin;E:\reactNative\node_modules\.bin;E:\node_modules\.bin;C:\Users\APK\AppData\Roaming\npm\node_modules\npm\node_modules\@npmcli\run-script\lib\node-gyp-bin;C:\Program Files\OpenLogic\jdk-17.0.11.9-hotspot;C:\Windows\system32;C:\Windows;C:\Windows\System32\Wbem;C:\Windows\System32\WindowsPowerShell\v1.0\;C:\Windows\System32\OpenSSH\;C:\Program Files\nodejs\;C:\Users\APK\AppData\Local\Android\Sdk\platform-tools;C:\Users\APK\AppData\Local\Android\Sdk\build-tools;C:\Users\APK\AppData\Local\Android\Sdk;C:\Users\APK\AppData\Local\Android\Sdk\tools;C:\Users\APK\AppData\Local\Microsoft\WindowsApps;C:\Users\APK\AppData\Roaming\npm;C:\Users\APK\AppData\Local\Android\Sdk\platform-tools;C:\Users\APK\AppData\Local\Android\Sdk\build-tools;C:\Users\APK\AppData\Local\Android\Sdk;C:\Users\APK\AppData\Local\Programs\Microsoft VS Code\bin;C:\Program Files\OpenLogic\jdk-17.0.11.9-hotspot;
USERNAME=APK
LANG=en_US.UTF-8
OS=Windows_NT
PROCESSOR_IDENTIFIER=Intel64 Family 6 Model 78 Stepping 3, GenuineIntel
TMP=C:\Users\APK\AppData\Local\Temp
TEMP=C:\Users\APK\AppData\Local\Temp



Periodic native trim disabled


---------------  S Y S T E M  ---------------

OS:
 Windows 10 , 64 bit Build 19041 (10.0.19041.2913)
OS uptime: 3 days 18:59 hours

CPU: total 4 (initial active 4) (2 cores per cpu, 2 threads per core) family 6 model 78 stepping 3 microcode 0xcc, cx8, cmov, fxsr, ht, mmx, 3dnowpref, sse, sse2, sse3, ssse3, sse4.1, sse4.2, popcnt, lzcnt, tsc, tscinvbit, avx, avx2, aes, erms, clmul, bmi1, bmi2, adx, fma, vzeroupper, clflush, clflushopt
Processor Information for all 4 processors :
  Max Mhz: 2400, Current Mhz: 2300, Mhz Limit: 2280

Memory: 4k page, system-wide physical 8030M (744M free)
TotalPageFile size 23223M (AvailPageFile size 118M)
current process WorkingSet (physical memory assigned to process): 10M, peak: 10M
current process commit charge ("private bytes"): 52M, peak: 178M

vm_info: OpenJDK 64-Bit Server VM (17.0.11+9-adhoc..jdk17u) for windows-amd64 JRE (17.0.11+9-adhoc..jdk17u), built on Apr 19 2024 08:33:45 by "" with MS VC++ 16.10 / 16.11 (VS2019)

END.
