#
# There is insufficient memory for the Java Runtime Environment to continue.
# Native memory allocation (mmap) failed to map 299892736 bytes. Error detail: G1 virtual space
# Possible reasons:
#   The system is out of physical RAM or swap space
#   This process is running with CompressedOops enabled, and the Java Heap may be blocking the growth of the native heap
# Possible solutions:
#   Reduce memory load on the system
#   Increase physical memory or swap space
#   Check if swap backing store is full
#   Decrease Java heap size (-Xmx/-Xms)
#   Decrease number of Java threads
#   Decrease Java thread stack sizes (-Xss)
#   Set larger code cache with -XX:ReservedCodeCacheSize=
#   JVM is running with Unscaled Compressed Oops mode in which the Java heap is
#     placed in the first 4GB address space. The Java Heap base address is the
#     maximum limit for the native heap growth. Please use -XX:HeapBaseMinAddress
#     to set the Java Heap base and to place the Java Heap above 4GB virtual address.
# This output file may be truncated or incomplete.
#
#  Out of Memory Error (os_windows.cpp:3613), pid=10244, tid=6488
#
# JRE version: OpenJDK Runtime Environment OpenLogic-OpenJDK (17.0.11+9) (build 17.0.11+9-adhoc..jdk17u)
# Java VM: OpenJDK 64-Bit Server VM OpenLogic-OpenJDK (17.0.11+9-adhoc..jdk17u, mixed mode, sharing, tiered, compressed oops, compressed class ptrs, g1 gc, windows-amd64)
# No core dump will be written. Minidumps are not enabled by default on client versions of Windows
#

---------------  S U M M A R Y ------------

Command Line: -XX:MaxMetaspaceSize=512m --add-opens=java.base/java.util=ALL-UNNAMED --add-opens=java.base/java.lang=ALL-UNNAMED --add-opens=java.base/java.lang.invoke=ALL-UNNAMED --add-opens=java.prefs/java.util.prefs=ALL-UNNAMED --add-opens=java.base/java.nio.charset=ALL-UNNAMED --add-opens=java.base/java.net=ALL-UNNAMED --add-opens=java.base/java.util.concurrent.atomic=ALL-UNNAMED -Xmx2048m -Dfile.encoding=windows-1252 -Duser.country=US -Duser.language=en -Duser.variant -javaagent:C:\Users\APK\.gradle\wrapper\dists\gradle-8.6-all\3mbtmo166bl6vumsh5k2lkq5h\gradle-8.6\lib\agents\gradle-instrumentation-agent-8.6.jar org.gradle.launcher.daemon.bootstrap.GradleDaemon 8.6

Host: Intel(R) Core(TM) i5-6200U CPU @ 2.30GHz, 4 cores, 7G,  Windows 10 , 64 bit Build 19041 (10.0.19041.2913)
Time: Tue Jul 23 13:19:35 2024 India Standard Time elapsed time: 44.724238 seconds (0d 0h 0m 44s)

---------------  T H R E A D  ---------------

Current thread (0x0000016b58aac000):  VMThread "VM Thread" [stack: 0x00000013bb100000,0x00000013bb200000] [id=6488]

Stack: [0x00000013bb100000,0x00000013bb200000]
Native frames: (J=compiled Java code, j=interpreted, Vv=VM code, C=native code)
V  [jvm.dll+0x67d009]
V  [jvm.dll+0x8348aa]
V  [jvm.dll+0x83636e]
V  [jvm.dll+0x8369d3]
V  [jvm.dll+0x2479df]
V  [jvm.dll+0x679e49]
V  [jvm.dll+0x66e8ba]
V  [jvm.dll+0x30755b]
V  [jvm.dll+0x30ea06]
V  [jvm.dll+0x35e40e]
V  [jvm.dll+0x35e63f]
V  [jvm.dll+0x2de298]
V  [jvm.dll+0x2dc6a4]
V  [jvm.dll+0x2dbcac]
V  [jvm.dll+0x31f6cb]
V  [jvm.dll+0x83aecb]
V  [jvm.dll+0x83bc02]
V  [jvm.dll+0x83c11d]
V  [jvm.dll+0x83c4f4]
V  [jvm.dll+0x83c5c0]
V  [jvm.dll+0x7e3e1a]
V  [jvm.dll+0x67bef5]
C  [ucrtbase.dll+0x21bb2]
C  [KERNEL32.DLL+0x17614]
C  [ntdll.dll+0x526a1]

VM_Operation (0x00000013bf6f9690): G1CollectForAllocation, mode: safepoint, requested by thread 0x0000016b7c9889f0


---------------  P R O C E S S  ---------------

Threads class SMR info:
_java_thread_list=0x0000016b7b9c5c30, length=63, elements={
0x0000016b39b3cf60, 0x0000016b58aafb20, 0x0000016b58ab08b0, 0x0000016b58ac8540,
0x0000016b58ac92d0, 0x0000016b58accd20, 0x0000016b58acd5f0, 0x0000016b58adbac0,
0x0000016b58ad0a00, 0x0000016b58ad1af0, 0x0000016b7807ba40, 0x0000016b781d82a0,
0x0000016b7a09d610, 0x0000016b79765ff0, 0x0000016b78d5a340, 0x0000016b7a315cb0,
0x0000016b79142ab0, 0x0000016b79d02790, 0x0000016b79639410, 0x0000016b7a8f44c0,
0x0000016b7a8f53f0, 0x0000016b7a8f3fb0, 0x0000016b7a8f3aa0, 0x0000016b7a8f49d0,
0x0000016b7a8f4ee0, 0x0000016b7a8f5900, 0x0000016b7a8f5e10, 0x0000016b7a8f3590,
0x0000016b7a8f2660, 0x0000016b7a8f3080, 0x0000016b789f8550, 0x0000016b789fbd00,
0x0000016b789fc210, 0x0000016b789fc720, 0x0000016b789f61e0, 0x0000016b789f52b0,
0x0000016b789f8040, 0x0000016b789f8a60, 0x0000016b789f8f70, 0x0000016b789f57c0,
0x0000016b789fa8c0, 0x0000016b789fb2e0, 0x0000016b789fa3b0, 0x0000016b789f66f0,
0x0000016b789f6c00, 0x0000016b789fadd0, 0x0000016b7b9229b0, 0x0000016b7b9224a0,
0x0000016b7b921060, 0x0000016b7b922ec0, 0x0000016b7b9238e0, 0x0000016b7b921a80,
0x0000016b7b923df0, 0x0000016b7b921570, 0x0000016b7b924300, 0x0000016b7c988f00,
0x0000016b7b0f2ed0, 0x0000016b7c9884e0, 0x0000016b7c989e30, 0x0000016b7c987fd0,
0x0000016b7c98b780, 0x0000016b7c989410, 0x0000016b7c9889f0
}

Java Threads: ( => current thread )
  0x0000016b39b3cf60 JavaThread "main" [_thread_blocked, id=8896, stack(0x00000013bab00000,0x00000013bac00000)]
  0x0000016b58aafb20 JavaThread "Reference Handler" daemon [_thread_blocked, id=12256, stack(0x00000013bb200000,0x00000013bb300000)]
  0x0000016b58ab08b0 JavaThread "Finalizer" daemon [_thread_blocked, id=8952, stack(0x00000013bb300000,0x00000013bb400000)]
  0x0000016b58ac8540 JavaThread "Signal Dispatcher" daemon [_thread_blocked, id=4632, stack(0x00000013bb400000,0x00000013bb500000)]
  0x0000016b58ac92d0 JavaThread "Attach Listener" daemon [_thread_blocked, id=14540, stack(0x00000013bb500000,0x00000013bb600000)]
  0x0000016b58accd20 JavaThread "Service Thread" daemon [_thread_blocked, id=8432, stack(0x00000013bb600000,0x00000013bb700000)]
  0x0000016b58acd5f0 JavaThread "Monitor Deflation Thread" daemon [_thread_blocked, id=11496, stack(0x00000013bb700000,0x00000013bb800000)]
  0x0000016b58adbac0 JavaThread "C2 CompilerThread0" daemon [_thread_blocked, id=11120, stack(0x00000013bb800000,0x00000013bb900000)]
  0x0000016b58ad0a00 JavaThread "C1 CompilerThread0" daemon [_thread_blocked, id=14148, stack(0x00000013bb900000,0x00000013bba00000)]
  0x0000016b58ad1af0 JavaThread "Sweeper thread" daemon [_thread_blocked, id=2380, stack(0x00000013bba00000,0x00000013bbb00000)]
  0x0000016b7807ba40 JavaThread "Common-Cleaner" daemon [_thread_blocked, id=12900, stack(0x00000013bbb00000,0x00000013bbc00000)]
  0x0000016b781d82a0 JavaThread "Notification Thread" daemon [_thread_blocked, id=11444, stack(0x00000013bbc00000,0x00000013bbd00000)]
  0x0000016b7a09d610 JavaThread "Daemon health stats" [_thread_blocked, id=13636, stack(0x00000013bc200000,0x00000013bc300000)]
  0x0000016b79765ff0 JavaThread "Incoming local TCP Connector on port 61516" [_thread_in_native, id=13156, stack(0x00000013bbe00000,0x00000013bbf00000)]
  0x0000016b78d5a340 JavaThread "Daemon periodic checks" [_thread_blocked, id=14580, stack(0x00000013bc300000,0x00000013bc400000)]
  0x0000016b7a315cb0 JavaThread "Daemon" [_thread_blocked, id=8164, stack(0x00000013bc500000,0x00000013bc600000)]
  0x0000016b79142ab0 JavaThread "Handler for socket connection from /127.0.0.1:61516 to /127.0.0.1:61517" [_thread_in_native, id=14924, stack(0x00000013bc600000,0x00000013bc700000)]
  0x0000016b79d02790 JavaThread "Cancel handler" [_thread_blocked, id=7904, stack(0x00000013bc400000,0x00000013bc500000)]
  0x0000016b79639410 JavaThread "Daemon worker" [_thread_blocked, id=13220, stack(0x00000013bc700000,0x00000013bc800000)]
  0x0000016b7a8f44c0 JavaThread "Asynchronous log dispatcher for DefaultDaemonConnection: socket connection from /127.0.0.1:61516 to /127.0.0.1:61517" [_thread_blocked, id=4376, stack(0x00000013bc800000,0x00000013bc900000)]
  0x0000016b7a8f53f0 JavaThread "Stdin handler" [_thread_blocked, id=9376, stack(0x00000013bc900000,0x00000013bca00000)]
  0x0000016b7a8f3fb0 JavaThread "Daemon client event forwarder" [_thread_blocked, id=8340, stack(0x00000013bca00000,0x00000013bcb00000)]
  0x0000016b7a8f3aa0 JavaThread "Cache worker for journal cache (C:\Users\APK\.gradle\caches\journal-1)" [_thread_blocked, id=14620, stack(0x00000013bcb00000,0x00000013bcc00000)]
  0x0000016b7a8f49d0 JavaThread "File lock request listener" [_thread_in_native, id=9156, stack(0x00000013bcc00000,0x00000013bcd00000)]
  0x0000016b7a8f4ee0 JavaThread "Cache worker for file hash cache (C:\Users\APK\.gradle\caches\8.6\fileHashes)" [_thread_blocked, id=10604, stack(0x00000013bcd00000,0x00000013bce00000)]
  0x0000016b7a8f5900 JavaThread "File watcher server" daemon [_thread_blocked, id=12512, stack(0x00000013bce00000,0x00000013bcf00000)]
  0x0000016b7a8f5e10 JavaThread "File watcher consumer" daemon [_thread_blocked, id=3216, stack(0x00000013bcf00000,0x00000013bd000000)]
  0x0000016b7a8f3590 JavaThread "Cache worker for checksums cache (E:\reactNative\qwerty\android\.gradle\8.6\checksums)" [_thread_blocked, id=2076, stack(0x00000013bd000000,0x00000013bd100000)]
  0x0000016b7a8f2660 JavaThread "Cache worker for file hash cache (E:\reactNative\qwerty\android\.gradle\8.6\fileHashes)" [_thread_blocked, id=12548, stack(0x00000013bd100000,0x00000013bd200000)]
  0x0000016b7a8f3080 JavaThread "Cache worker for cache directory md-supplier (C:\Users\APK\.gradle\caches\8.6\md-supplier)" [_thread_blocked, id=13676, stack(0x00000013bd200000,0x00000013bd300000)]
  0x0000016b789f8550 JavaThread "Cache worker for cache directory md-rule (C:\Users\APK\.gradle\caches\8.6\md-rule)" [_thread_blocked, id=6344, stack(0x00000013bd300000,0x00000013bd400000)]
  0x0000016b789fbd00 JavaThread "Cache worker for file content cache (C:\Users\APK\.gradle\caches\8.6\fileContent)" [_thread_blocked, id=12716, stack(0x00000013bd400000,0x00000013bd500000)]
  0x0000016b789fc210 JavaThread "jar transforms" [_thread_blocked, id=13360, stack(0x00000013bd600000,0x00000013bd700000)]
  0x0000016b789fc720 JavaThread "jar transforms Thread 2" [_thread_blocked, id=11616, stack(0x00000013bd700000,0x00000013bd800000)]
  0x0000016b789f61e0 JavaThread "jar transforms Thread 3" [_thread_blocked, id=14288, stack(0x00000013bd800000,0x00000013bd900000)]
  0x0000016b789f52b0 JavaThread "jar transforms Thread 4" [_thread_blocked, id=10492, stack(0x00000013bd900000,0x00000013bda00000)]
  0x0000016b789f8040 JavaThread "Exec process" [_thread_blocked, id=13628, stack(0x00000013bd500000,0x00000013bd600000)]
  0x0000016b789f8a60 JavaThread "Exec process Thread 2" [_thread_blocked, id=4076, stack(0x00000013bda00000,0x00000013bdb00000)]
  0x0000016b789f8f70 JavaThread "Exec process Thread 3" [_thread_blocked, id=1172, stack(0x00000013bdb00000,0x00000013bdc00000)]
  0x0000016b789f57c0 JavaThread "Unconstrained build operations" [_thread_blocked, id=12312, stack(0x00000013bdc00000,0x00000013bdd00000)]
  0x0000016b789fa8c0 JavaThread "Unconstrained build operations Thread 2" [_thread_blocked, id=3268, stack(0x00000013bdd00000,0x00000013bde00000)]
  0x0000016b789fb2e0 JavaThread "Cache worker for Build Output Cleanup Cache (E:\reactNative\qwerty\node_modules\@react-native\gradle-plugin\.gradle\buildOutputCleanup)" [_thread_blocked, id=10712, stack(0x00000013bde00000,0x00000013bdf00000)]
  0x0000016b789fa3b0 JavaThread "Unconstrained build operations Thread 3" [_thread_blocked, id=5676, stack(0x00000013be100000,0x00000013be200000)]
  0x0000016b789f66f0 JavaThread "Unconstrained build operations Thread 4" [_thread_blocked, id=11136, stack(0x00000013be200000,0x00000013be300000)]
  0x0000016b789f6c00 JavaThread "Unconstrained build operations Thread 5" [_thread_blocked, id=3972, stack(0x00000013be300000,0x00000013be400000)]
  0x0000016b789fadd0 JavaThread "build event listener" [_thread_blocked, id=1080, stack(0x00000013be400000,0x00000013be500000)]
  0x0000016b7b9229b0 JavaThread "Memory manager" [_thread_blocked, id=2260, stack(0x00000013be700000,0x00000013be800000)]
  0x0000016b7b9224a0 JavaThread "Cache worker for Build Output Cleanup Cache (E:\reactNative\qwerty\android\.gradle\buildOutputCleanup)" [_thread_blocked, id=10356, stack(0x00000013be800000,0x00000013be900000)]
  0x0000016b7b921060 JavaThread "ForkJoinPool.commonPool-worker-1" daemon [_thread_blocked, id=2576, stack(0x00000013be900000,0x00000013bea00000)]
  0x0000016b7b922ec0 JavaThread "ForkJoinPool.commonPool-worker-2" daemon [_thread_blocked, id=7412, stack(0x00000013bea00000,0x00000013beb00000)]
  0x0000016b7b9238e0 JavaThread "ForkJoinPool.commonPool-worker-3" daemon [_thread_blocked, id=12504, stack(0x00000013beb00000,0x00000013bec00000)]
  0x0000016b7b921a80 JavaThread "included builds" [_thread_blocked, id=6772, stack(0x00000013bec00000,0x00000013bed00000)]
  0x0000016b7b923df0 JavaThread "Execution worker" [_thread_blocked, id=9852, stack(0x00000013bed00000,0x00000013bee00000)]
  0x0000016b7b921570 JavaThread "Execution worker Thread 2" [_thread_blocked, id=5904, stack(0x00000013bee00000,0x00000013bef00000)]
  0x0000016b7b924300 JavaThread "Execution worker Thread 3" [_thread_blocked, id=15244, stack(0x00000013bef00000,0x00000013bf000000)]
  0x0000016b7c988f00 JavaThread "Cache worker for execution history cache (E:\reactNative\qwerty\node_modules\@react-native\gradle-plugin\.gradle\8.6\executionHistory)" [_thread_blocked, id=9780, stack(0x00000013bf000000,0x00000013bf100000)]
  0x0000016b7b0f2ed0 JavaThread "C2 CompilerThread1" daemon [_thread_blocked, id=7028, stack(0x00000013be600000,0x00000013be700000)]
  0x0000016b7c9884e0 JavaThread "Unconstrained build operations Thread 6" [_thread_blocked, id=5900, stack(0x00000013bf100000,0x00000013bf200000)]
  0x0000016b7c989e30 JavaThread "Unconstrained build operations Thread 7" [_thread_blocked, id=9320, stack(0x00000013bf200000,0x00000013bf300000)]
  0x0000016b7c987fd0 JavaThread "Unconstrained build operations Thread 8" [_thread_blocked, id=8824, stack(0x00000013bf300000,0x00000013bf400000)]
  0x0000016b7c98b780 JavaThread "Unconstrained build operations Thread 9" [_thread_blocked, id=3228, stack(0x00000013bf400000,0x00000013bf500000)]
  0x0000016b7c989410 JavaThread "Unconstrained build operations Thread 10" [_thread_blocked, id=9572, stack(0x00000013bf500000,0x00000013bf600000)]
  0x0000016b7c9889f0 JavaThread "Unconstrained build operations Thread 11" [_thread_blocked, id=14916, stack(0x00000013bf600000,0x00000013bf700000)]

Other Threads:
=>0x0000016b58aac000 VMThread "VM Thread" [stack: 0x00000013bb100000,0x00000013bb200000] [id=6488]
  0x0000016b78183830 WatcherThread [stack: 0x00000013bbd00000,0x00000013bbe00000] [id=14040]
  0x0000016b39b97380 GCTaskThread "GC Thread#0" [stack: 0x00000013bac00000,0x00000013bad00000] [id=8004]
  0x0000016b782afef0 GCTaskThread "GC Thread#1" [stack: 0x00000013bbf00000,0x00000013bc000000] [id=14012]
  0x0000016b7826d840 GCTaskThread "GC Thread#2" [stack: 0x00000013bc000000,0x00000013bc100000] [id=8172]
  0x0000016b784d0ae0 GCTaskThread "GC Thread#3" [stack: 0x00000013bc100000,0x00000013bc200000] [id=6812]
  0x0000016b39ba81e0 ConcurrentGCThread "G1 Main Marker" [stack: 0x00000013bad00000,0x00000013bae00000] [id=11924]
  0x0000016b39ba92b0 ConcurrentGCThread "G1 Conc#0" [stack: 0x00000013bae00000,0x00000013baf00000] [id=9296]
  0x0000016b39bfd380 ConcurrentGCThread "G1 Refine#0" [stack: 0x00000013baf00000,0x00000013bb000000] [id=14876]
  0x0000016b7a001c10 ConcurrentGCThread "G1 Refine#1" [stack: 0x00000013bdf00000,0x00000013be000000] [id=9700]
  0x0000016b7a003390 ConcurrentGCThread "G1 Refine#2" [stack: 0x00000013bf700000,0x00000013bf800000] [id=232]
  0x0000016b7a003680 ConcurrentGCThread "G1 Refine#3" [stack: 0x00000013bf800000,0x00000013bf900000] [id=5096]
  0x0000016b39bfdcc0 ConcurrentGCThread "G1 Service" [stack: 0x00000013bb000000,0x00000013bb100000] [id=11760]

Threads with active compile tasks:
C2 CompilerThread0    44800 11533       4       org.jetbrains.kotlin.protobuf.CodedInputStream::readRawVarint32 (233 bytes)
C2 CompilerThread1    44800 11350       4       org.jetbrains.kotlin.incremental.SelectiveClassVisitor::visitMethod (66 bytes)

VM state: at safepoint (normal execution)

VM Mutex/Monitor currently owned by a thread:  ([mutex/lock_event])
[0x0000016b39b38ff0] Threads_lock - owner thread: 0x0000016b58aac000
[0x0000016b39b39b30] Heap_lock - owner thread: 0x0000016b7c9889f0

Heap address: 0x0000000080000000, size: 2048 MB, Compressed Oops mode: 32-bit

CDS archive(s) mapped at: [0x0000016b59000000-0x0000016b59bc0000-0x0000016b59bc0000), size 12320768, SharedBaseAddress: 0x0000016b59000000, ArchiveRelocationMode: 1.
Compressed class space mapped at: 0x0000016b5a000000-0x0000016b74000000, reserved size: 436207616
Narrow klass base: 0x0000016b59000000, Narrow klass shift: 0, Narrow klass range: 0x100000000

GC Precious Log:
 CPUs: 4 total, 4 available
 Memory: 8030M
 Large Page Support: Disabled
 NUMA Support: Disabled
 Compressed Oops: Enabled (32-bit)
 Heap Region Size: 1M
 Heap Min Capacity: 8M
 Heap Initial Capacity: 126M
 Heap Max Capacity: 2G
 Pre-touch: Disabled
 Parallel Workers: 4
 Concurrent Workers: 1
 Concurrent Refinement Workers: 4
 Periodic GC: Disabled

Heap:
 garbage-first heap   total 219136K, used 109998K [0x0000000080000000, 0x0000000100000000)
  region size 1024K, 2 young (2048K), 2 survivors (2048K)
 Metaspace       used 83795K, committed 84544K, reserved 557056K
  class space    used 11545K, committed 11904K, reserved 425984K

Heap Regions: E=young(eden), S=young(survivor), O=old, HS=humongous(starts), HC=humongous(continues), CS=collection set, F=free, OA=open archive, CA=closed archive, TAMS=top-at-mark-start (previous, next)
|   0|0x0000000080000000, 0x0000000080100000, 0x0000000080100000|100%| O|  |TAMS 0x0000000080100000, 0x0000000080000000| Untracked 
|   1|0x0000000080100000, 0x0000000080200000, 0x0000000080200000|100%| O|  |TAMS 0x0000000080200000, 0x0000000080100000| Untracked 
|   2|0x0000000080200000, 0x0000000080300000, 0x0000000080300000|100%|HS|  |TAMS 0x0000000080300000, 0x0000000080200000| Complete 
|   3|0x0000000080300000, 0x0000000080400000, 0x0000000080400000|100%|HC|  |TAMS 0x0000000080400000, 0x0000000080300000| Complete 
|   4|0x0000000080400000, 0x0000000080500000, 0x0000000080500000|100%|HC|  |TAMS 0x0000000080500000, 0x0000000080400000| Complete 
|   5|0x0000000080500000, 0x0000000080600000, 0x0000000080600000|100%|HC|  |TAMS 0x0000000080600000, 0x0000000080500000| Complete 
|   6|0x0000000080600000, 0x0000000080700000, 0x0000000080700000|100%| O|  |TAMS 0x0000000080700000, 0x0000000080600000| Untracked 
|   7|0x0000000080700000, 0x0000000080800000, 0x0000000080800000|100%| O|  |TAMS 0x0000000080800000, 0x0000000080700000| Untracked 
|   8|0x0000000080800000, 0x0000000080900000, 0x0000000080900000|100%| O|  |TAMS 0x0000000080900000, 0x0000000080800000| Untracked 
|   9|0x0000000080900000, 0x0000000080a00000, 0x0000000080a00000|100%| O|  |TAMS 0x0000000080a00000, 0x0000000080900000| Untracked 
|  10|0x0000000080a00000, 0x0000000080b00000, 0x0000000080b00000|100%| O|  |TAMS 0x0000000080b00000, 0x0000000080a00000| Untracked 
|  11|0x0000000080b00000, 0x0000000080c00000, 0x0000000080c00000|100%| O|  |TAMS 0x0000000080c00000, 0x0000000080b00000| Untracked 
|  12|0x0000000080c00000, 0x0000000080d00000, 0x0000000080d00000|100%| O|  |TAMS 0x0000000080d00000, 0x0000000080c00000| Untracked 
|  13|0x0000000080d00000, 0x0000000080e00000, 0x0000000080e00000|100%| O|  |TAMS 0x0000000080e00000, 0x0000000080d00000| Untracked 
|  14|0x0000000080e00000, 0x0000000080f00000, 0x0000000080f00000|100%| O|  |TAMS 0x0000000080f00000, 0x0000000080e00000| Untracked 
|  15|0x0000000080f00000, 0x0000000081000000, 0x0000000081000000|100%| O|  |TAMS 0x0000000081000000, 0x0000000080f00000| Untracked 
|  16|0x0000000081000000, 0x0000000081100000, 0x0000000081100000|100%| O|  |TAMS 0x0000000081100000, 0x0000000081000000| Untracked 
|  17|0x0000000081100000, 0x0000000081200000, 0x0000000081200000|100%| O|  |TAMS 0x0000000081200000, 0x0000000081100000| Untracked 
|  18|0x0000000081200000, 0x0000000081300000, 0x0000000081300000|100%| O|  |TAMS 0x0000000081300000, 0x0000000081200000| Untracked 
|  19|0x0000000081300000, 0x0000000081400000, 0x0000000081400000|100%| O|  |TAMS 0x0000000081400000, 0x0000000081300000| Untracked 
|  20|0x0000000081400000, 0x0000000081500000, 0x0000000081500000|100%| O|  |TAMS 0x0000000081500000, 0x0000000081400000| Untracked 
|  21|0x0000000081500000, 0x0000000081600000, 0x0000000081600000|100%| O|  |TAMS 0x0000000081600000, 0x0000000081500000| Untracked 
|  22|0x0000000081600000, 0x0000000081700000, 0x0000000081700000|100%| O|  |TAMS 0x0000000081700000, 0x0000000081600000| Untracked 
|  23|0x0000000081700000, 0x0000000081800000, 0x0000000081800000|100%| O|  |TAMS 0x0000000081800000, 0x0000000081700000| Untracked 
|  24|0x0000000081800000, 0x0000000081900000, 0x0000000081900000|100%| O|  |TAMS 0x0000000081900000, 0x0000000081800000| Untracked 
|  25|0x0000000081900000, 0x0000000081a00000, 0x0000000081a00000|100%| O|  |TAMS 0x0000000081a00000, 0x0000000081900000| Untracked 
|  26|0x0000000081a00000, 0x0000000081b00000, 0x0000000081b00000|100%| O|  |TAMS 0x0000000081b00000, 0x0000000081a00000| Untracked 
|  27|0x0000000081b00000, 0x0000000081c00000, 0x0000000081c00000|100%| O|  |TAMS 0x0000000081c00000, 0x0000000081b00000| Untracked 
|  28|0x0000000081c00000, 0x0000000081d00000, 0x0000000081d00000|100%| O|  |TAMS 0x0000000081d00000, 0x0000000081c00000| Untracked 
|  29|0x0000000081d00000, 0x0000000081e00000, 0x0000000081e00000|100%| O|  |TAMS 0x0000000081e00000, 0x0000000081d00000| Untracked 
|  30|0x0000000081e00000, 0x0000000081f00000, 0x0000000081f00000|100%| O|  |TAMS 0x0000000081f00000, 0x0000000081e00000| Untracked 
|  31|0x0000000081f00000, 0x0000000082000000, 0x0000000082000000|100%| O|  |TAMS 0x0000000082000000, 0x0000000081f00000| Untracked 
|  32|0x0000000082000000, 0x0000000082100000, 0x0000000082100000|100%| O|  |TAMS 0x0000000082100000, 0x0000000082000000| Untracked 
|  33|0x0000000082100000, 0x0000000082200000, 0x0000000082200000|100%| O|  |TAMS 0x0000000082200000, 0x0000000082100000| Untracked 
|  34|0x0000000082200000, 0x0000000082300000, 0x0000000082300000|100%| O|  |TAMS 0x0000000082300000, 0x0000000082200000| Untracked 
|  35|0x0000000082300000, 0x0000000082400000, 0x0000000082400000|100%| O|  |TAMS 0x0000000082400000, 0x0000000082300000| Untracked 
|  36|0x0000000082400000, 0x0000000082500000, 0x0000000082500000|100%| O|  |TAMS 0x0000000082500000, 0x0000000082400000| Untracked 
|  37|0x0000000082500000, 0x0000000082600000, 0x0000000082600000|100%| O|  |TAMS 0x0000000082600000, 0x0000000082500000| Untracked 
|  38|0x0000000082600000, 0x0000000082700000, 0x0000000082700000|100%| O|  |TAMS 0x0000000082700000, 0x0000000082600000| Untracked 
|  39|0x0000000082700000, 0x0000000082800000, 0x0000000082800000|100%| O|  |TAMS 0x0000000082800000, 0x0000000082700000| Untracked 
|  40|0x0000000082800000, 0x0000000082900000, 0x0000000082900000|100%| O|  |TAMS 0x0000000082900000, 0x0000000082800000| Untracked 
|  41|0x0000000082900000, 0x0000000082900000, 0x0000000082a00000|  0%| F|  |TAMS 0x0000000082900000, 0x0000000082900000| Untracked 
|  42|0x0000000082a00000, 0x0000000082b00000, 0x0000000082b00000|100%| O|  |TAMS 0x0000000082b00000, 0x0000000082a00000| Untracked 
|  43|0x0000000082b00000, 0x0000000082c00000, 0x0000000082c00000|100%| O|  |TAMS 0x0000000082c00000, 0x0000000082b00000| Untracked 
|  44|0x0000000082c00000, 0x0000000082d00000, 0x0000000082d00000|100%| O|  |TAMS 0x0000000082d00000, 0x0000000082c00000| Untracked 
|  45|0x0000000082d00000, 0x0000000082e00000, 0x0000000082e00000|100%| O|  |TAMS 0x0000000082e00000, 0x0000000082d00000| Untracked 
|  46|0x0000000082e00000, 0x0000000082f00000, 0x0000000082f00000|100%|HS|  |TAMS 0x0000000082f00000, 0x0000000082e00000| Complete 
|  47|0x0000000082f00000, 0x0000000083000000, 0x0000000083000000|100%|HC|  |TAMS 0x0000000083000000, 0x0000000082f00000| Complete 
|  48|0x0000000083000000, 0x0000000083100000, 0x0000000083100000|100%|HS|  |TAMS 0x0000000083100000, 0x0000000083000000| Complete 
|  49|0x0000000083100000, 0x0000000083200000, 0x0000000083200000|100%|HC|  |TAMS 0x0000000083200000, 0x0000000083100000| Complete 
|  50|0x0000000083200000, 0x0000000083300000, 0x0000000083300000|100%| O|  |TAMS 0x0000000083300000, 0x0000000083200000| Untracked 
|  51|0x0000000083300000, 0x0000000083400000, 0x0000000083400000|100%| O|  |TAMS 0x0000000083400000, 0x0000000083300000| Untracked 
|  52|0x0000000083400000, 0x0000000083500000, 0x0000000083500000|100%| O|  |TAMS 0x0000000083500000, 0x0000000083400000| Untracked 
|  53|0x0000000083500000, 0x0000000083600000, 0x0000000083600000|100%|HS|  |TAMS 0x0000000083600000, 0x0000000083500000| Complete 
|  54|0x0000000083600000, 0x0000000083700000, 0x0000000083700000|100%|HC|  |TAMS 0x0000000083700000, 0x0000000083600000| Complete 
|  55|0x0000000083700000, 0x0000000083800000, 0x0000000083800000|100%|HC|  |TAMS 0x0000000083800000, 0x0000000083700000| Complete 
|  56|0x0000000083800000, 0x0000000083900000, 0x0000000083900000|100%|HC|  |TAMS 0x0000000083900000, 0x0000000083800000| Complete 
|  57|0x0000000083900000, 0x0000000083a00000, 0x0000000083a00000|100%|HS|  |TAMS 0x0000000083a00000, 0x0000000083900000| Complete 
|  58|0x0000000083a00000, 0x0000000083b00000, 0x0000000083b00000|100%|HC|  |TAMS 0x0000000083b00000, 0x0000000083a00000| Complete 
|  59|0x0000000083b00000, 0x0000000083c00000, 0x0000000083c00000|100%|HC|  |TAMS 0x0000000083c00000, 0x0000000083b00000| Complete 
|  60|0x0000000083c00000, 0x0000000083d00000, 0x0000000083d00000|100%|HC|  |TAMS 0x0000000083d00000, 0x0000000083c00000| Complete 
|  61|0x0000000083d00000, 0x0000000083e00000, 0x0000000083e00000|100%| O|  |TAMS 0x0000000083e00000, 0x0000000083d00000| Untracked 
|  62|0x0000000083e00000, 0x0000000083f00000, 0x0000000083f00000|100%| O|  |TAMS 0x0000000083f00000, 0x0000000083e00000| Untracked 
|  63|0x0000000083f00000, 0x0000000084000000, 0x0000000084000000|100%| O|  |TAMS 0x0000000084000000, 0x0000000083f00000| Untracked 
|  64|0x0000000084000000, 0x0000000084100000, 0x0000000084100000|100%| O|  |TAMS 0x0000000084100000, 0x0000000084000000| Untracked 
|  65|0x0000000084100000, 0x0000000084200000, 0x0000000084200000|100%| O|  |TAMS 0x0000000084200000, 0x0000000084100000| Untracked 
|  66|0x0000000084200000, 0x0000000084300000, 0x0000000084300000|100%| O|  |TAMS 0x0000000084300000, 0x0000000084200000| Untracked 
|  67|0x0000000084300000, 0x0000000084400000, 0x0000000084400000|100%| O|  |TAMS 0x0000000084400000, 0x0000000084300000| Untracked 
|  68|0x0000000084400000, 0x0000000084500000, 0x0000000084500000|100%| O|  |TAMS 0x0000000084500000, 0x0000000084400000| Untracked 
|  69|0x0000000084500000, 0x0000000084600000, 0x0000000084600000|100%| O|  |TAMS 0x0000000084600000, 0x0000000084500000| Untracked 
|  70|0x0000000084600000, 0x0000000084700000, 0x0000000084700000|100%|HS|  |TAMS 0x0000000084700000, 0x0000000084600000| Complete 
|  71|0x0000000084700000, 0x0000000084800000, 0x0000000084800000|100%|HC|  |TAMS 0x0000000084800000, 0x0000000084700000| Complete 
|  72|0x0000000084800000, 0x0000000084900000, 0x0000000084900000|100%|HC|  |TAMS 0x0000000084900000, 0x0000000084800000| Complete 
|  73|0x0000000084900000, 0x0000000084a00000, 0x0000000084a00000|100%|HC|  |TAMS 0x0000000084a00000, 0x0000000084900000| Complete 
|  74|0x0000000084a00000, 0x0000000084b00000, 0x0000000084b00000|100%|HC|  |TAMS 0x0000000084b00000, 0x0000000084a00000| Complete 
|  75|0x0000000084b00000, 0x0000000084c00000, 0x0000000084c00000|100%|HC|  |TAMS 0x0000000084c00000, 0x0000000084b00000| Complete 
|  76|0x0000000084c00000, 0x0000000084d00000, 0x0000000084d00000|100%|HS|  |TAMS 0x0000000084d00000, 0x0000000084c00000| Complete 
|  77|0x0000000084d00000, 0x0000000084e00000, 0x0000000084e00000|100%| O|  |TAMS 0x0000000084e00000, 0x0000000084d00000| Untracked 
|  78|0x0000000084e00000, 0x0000000084f00000, 0x0000000084f00000|100%| O|  |TAMS 0x0000000084f00000, 0x0000000084e00000| Untracked 
|  79|0x0000000084f00000, 0x0000000085000000, 0x0000000085000000|100%| O|  |TAMS 0x0000000085000000, 0x0000000084f00000| Untracked 
|  80|0x0000000085000000, 0x0000000085100000, 0x0000000085100000|100%| O|  |TAMS 0x0000000085100000, 0x0000000085000000| Untracked 
|  81|0x0000000085100000, 0x0000000085200000, 0x0000000085200000|100%| O|  |TAMS 0x0000000085200000, 0x0000000085100000| Untracked 
|  82|0x0000000085200000, 0x0000000085300000, 0x0000000085300000|100%| O|  |TAMS 0x0000000085300000, 0x0000000085200000| Untracked 
|  83|0x0000000085300000, 0x0000000085400000, 0x0000000085400000|100%| O|  |TAMS 0x0000000085400000, 0x0000000085300000| Untracked 
|  84|0x0000000085400000, 0x0000000085500000, 0x0000000085500000|100%| O|  |TAMS 0x0000000085500000, 0x0000000085400000| Untracked 
|  85|0x0000000085500000, 0x0000000085600000, 0x0000000085600000|100%| O|  |TAMS 0x0000000085600000, 0x0000000085500000| Untracked 
|  86|0x0000000085600000, 0x0000000085700000, 0x0000000085700000|100%| O|  |TAMS 0x0000000085700000, 0x0000000085600000| Untracked 
|  87|0x0000000085700000, 0x0000000085800000, 0x0000000085800000|100%| O|  |TAMS 0x0000000085800000, 0x0000000085700000| Untracked 
|  88|0x0000000085800000, 0x0000000085900000, 0x0000000085900000|100%| O|  |TAMS 0x0000000085900000, 0x0000000085800000| Untracked 
|  89|0x0000000085900000, 0x0000000085a00000, 0x0000000085a00000|100%| O|  |TAMS 0x0000000085a00000, 0x0000000085900000| Untracked 
|  90|0x0000000085a00000, 0x0000000085b00000, 0x0000000085b00000|100%| O|  |TAMS 0x0000000085b00000, 0x0000000085a00000| Untracked 
|  91|0x0000000085b00000, 0x0000000085c00000, 0x0000000085c00000|100%| O|  |TAMS 0x0000000085c00000, 0x0000000085b00000| Untracked 
|  92|0x0000000085c00000, 0x0000000085d00000, 0x0000000085d00000|100%| O|  |TAMS 0x0000000085d00000, 0x0000000085c00000| Untracked 
|  93|0x0000000085d00000, 0x0000000085e00000, 0x0000000085e00000|100%| O|  |TAMS 0x0000000085e00000, 0x0000000085d00000| Untracked 
|  94|0x0000000085e00000, 0x0000000085f00000, 0x0000000085f00000|100%| O|  |TAMS 0x0000000085f00000, 0x0000000085e00000| Untracked 
|  95|0x0000000085f00000, 0x0000000086000000, 0x0000000086000000|100%| O|  |TAMS 0x0000000086000000, 0x0000000085f00000| Untracked 
|  96|0x0000000086000000, 0x0000000086100000, 0x0000000086100000|100%| O|  |TAMS 0x0000000086100000, 0x0000000086000000| Untracked 
|  97|0x0000000086100000, 0x0000000086200000, 0x0000000086200000|100%| O|  |TAMS 0x0000000086200000, 0x0000000086100000| Untracked 
|  98|0x0000000086200000, 0x0000000086300000, 0x0000000086300000|100%| O|  |TAMS 0x0000000086300000, 0x0000000086200000| Untracked 
|  99|0x0000000086300000, 0x0000000086400000, 0x0000000086400000|100%| O|  |TAMS 0x0000000086400000, 0x0000000086300000| Untracked 
| 100|0x0000000086400000, 0x0000000086500000, 0x0000000086500000|100%| O|  |TAMS 0x0000000086500000, 0x0000000086400000| Untracked 
| 101|0x0000000086500000, 0x0000000086600000, 0x0000000086600000|100%| O|  |TAMS 0x0000000086600000, 0x0000000086500000| Untracked 
| 102|0x0000000086600000, 0x0000000086600000, 0x0000000086700000|  0%| F|  |TAMS 0x0000000086600000, 0x0000000086600000| Untracked 
| 103|0x0000000086700000, 0x0000000086800000, 0x0000000086800000|100%| O|  |TAMS 0x0000000086780000, 0x0000000086700000| Untracked 
| 104|0x0000000086800000, 0x0000000086900000, 0x0000000086900000|100%|HS|  |TAMS 0x0000000086800000, 0x0000000086800000| Complete 
| 105|0x0000000086900000, 0x0000000086a00000, 0x0000000086a00000|100%|HS|  |TAMS 0x0000000086900000, 0x0000000086900000| Complete 
| 106|0x0000000086a00000, 0x0000000086b00000, 0x0000000086b00000|100%| O|  |TAMS 0x0000000086a00000, 0x0000000086a00000| Untracked 
| 107|0x0000000086b00000, 0x0000000086b6b800, 0x0000000086c00000| 41%| O|  |TAMS 0x0000000086b00000, 0x0000000086b00000| Untracked 
| 108|0x0000000086c00000, 0x0000000086c00000, 0x0000000086d00000|  0%| F|  |TAMS 0x0000000086c00000, 0x0000000086c00000| Untracked 
| 109|0x0000000086d00000, 0x0000000086d00000, 0x0000000086e00000|  0%| F|  |TAMS 0x0000000086d00000, 0x0000000086d00000| Untracked 
| 110|0x0000000086e00000, 0x0000000086e00000, 0x0000000086f00000|  0%| F|  |TAMS 0x0000000086e00000, 0x0000000086e00000| Untracked 
| 111|0x0000000086f00000, 0x0000000086f00000, 0x0000000087000000|  0%| F|  |TAMS 0x0000000086f00000, 0x0000000086f00000| Untracked 
| 112|0x0000000087000000, 0x0000000087000000, 0x0000000087100000|  0%| F|  |TAMS 0x0000000087000000, 0x0000000087000000| Untracked 
| 113|0x0000000087100000, 0x0000000087100000, 0x0000000087200000|  0%| F|  |TAMS 0x0000000087100000, 0x0000000087100000| Untracked 
| 114|0x0000000087200000, 0x0000000087200000, 0x0000000087300000|  0%| F|  |TAMS 0x0000000087200000, 0x0000000087200000| Untracked 
| 115|0x0000000087300000, 0x0000000087300000, 0x0000000087400000|  0%| F|  |TAMS 0x0000000087300000, 0x0000000087300000| Untracked 
| 116|0x0000000087400000, 0x0000000087400000, 0x0000000087500000|  0%| F|  |TAMS 0x0000000087400000, 0x0000000087400000| Untracked 
| 117|0x0000000087500000, 0x0000000087500000, 0x0000000087600000|  0%| F|  |TAMS 0x0000000087500000, 0x0000000087500000| Untracked 
| 118|0x0000000087600000, 0x0000000087600000, 0x0000000087700000|  0%| F|  |TAMS 0x0000000087600000, 0x0000000087600000| Untracked 
| 119|0x0000000087700000, 0x0000000087700000, 0x0000000087800000|  0%| F|  |TAMS 0x0000000087700000, 0x0000000087700000| Untracked 
| 120|0x0000000087800000, 0x0000000087800000, 0x0000000087900000|  0%| F|  |TAMS 0x0000000087800000, 0x0000000087800000| Untracked 
| 121|0x0000000087900000, 0x0000000087900000, 0x0000000087a00000|  0%| F|  |TAMS 0x0000000087900000, 0x0000000087900000| Untracked 
| 122|0x0000000087a00000, 0x0000000087a00000, 0x0000000087b00000|  0%| F|  |TAMS 0x0000000087a00000, 0x0000000087a00000| Untracked 
| 123|0x0000000087b00000, 0x0000000087b00000, 0x0000000087c00000|  0%| F|  |TAMS 0x0000000087b00000, 0x0000000087b00000| Untracked 
| 124|0x0000000087c00000, 0x0000000087c00000, 0x0000000087d00000|  0%| F|  |TAMS 0x0000000087c00000, 0x0000000087c00000| Untracked 
| 125|0x0000000087d00000, 0x0000000087d00000, 0x0000000087e00000|  0%| F|  |TAMS 0x0000000087d00000, 0x0000000087d00000| Untracked 
| 126|0x0000000087e00000, 0x0000000087e00000, 0x0000000087f00000|  0%| F|  |TAMS 0x0000000087e00000, 0x0000000087e00000| Untracked 
| 127|0x0000000087f00000, 0x0000000087f00000, 0x0000000088000000|  0%| F|  |TAMS 0x0000000087f00000, 0x0000000087f00000| Untracked 
| 128|0x0000000088000000, 0x0000000088000000, 0x0000000088100000|  0%| F|  |TAMS 0x0000000088000000, 0x0000000088000000| Untracked 
| 129|0x0000000088100000, 0x0000000088100000, 0x0000000088200000|  0%| F|  |TAMS 0x0000000088100000, 0x0000000088100000| Untracked 
| 130|0x0000000088200000, 0x0000000088200000, 0x0000000088300000|  0%| F|  |TAMS 0x0000000088200000, 0x0000000088200000| Untracked 
| 131|0x0000000088300000, 0x0000000088300000, 0x0000000088400000|  0%| F|  |TAMS 0x0000000088300000, 0x0000000088300000| Untracked 
| 132|0x0000000088400000, 0x0000000088400000, 0x0000000088500000|  0%| F|  |TAMS 0x0000000088400000, 0x0000000088400000| Untracked 
| 133|0x0000000088500000, 0x0000000088500000, 0x0000000088600000|  0%| F|  |TAMS 0x0000000088500000, 0x0000000088500000| Untracked 
| 134|0x0000000088600000, 0x0000000088600000, 0x0000000088700000|  0%| F|  |TAMS 0x0000000088600000, 0x0000000088600000| Untracked 
| 135|0x0000000088700000, 0x0000000088700000, 0x0000000088800000|  0%| F|  |TAMS 0x0000000088700000, 0x0000000088700000| Untracked 
| 136|0x0000000088800000, 0x0000000088800000, 0x0000000088900000|  0%| F|  |TAMS 0x0000000088800000, 0x0000000088800000| Untracked 
| 137|0x0000000088900000, 0x0000000088900000, 0x0000000088a00000|  0%| F|  |TAMS 0x0000000088900000, 0x0000000088900000| Untracked 
| 138|0x0000000088a00000, 0x0000000088a00000, 0x0000000088b00000|  0%| F|  |TAMS 0x0000000088a00000, 0x0000000088a00000| Untracked 
| 139|0x0000000088b00000, 0x0000000088b00000, 0x0000000088c00000|  0%| F|  |TAMS 0x0000000088b00000, 0x0000000088b00000| Untracked 
| 140|0x0000000088c00000, 0x0000000088c00000, 0x0000000088d00000|  0%| F|  |TAMS 0x0000000088c00000, 0x0000000088c00000| Untracked 
| 141|0x0000000088d00000, 0x0000000088d00000, 0x0000000088e00000|  0%| F|  |TAMS 0x0000000088d00000, 0x0000000088d00000| Untracked 
| 142|0x0000000088e00000, 0x0000000088e00000, 0x0000000088f00000|  0%| F|  |TAMS 0x0000000088e00000, 0x0000000088e00000| Untracked 
| 143|0x0000000088f00000, 0x0000000088f00000, 0x0000000089000000|  0%| F|  |TAMS 0x0000000088f00000, 0x0000000088f00000| Untracked 
| 144|0x0000000089000000, 0x0000000089000000, 0x0000000089100000|  0%| F|  |TAMS 0x0000000089000000, 0x0000000089000000| Untracked 
| 145|0x0000000089100000, 0x0000000089100000, 0x0000000089200000|  0%| F|  |TAMS 0x0000000089100000, 0x0000000089100000| Untracked 
| 146|0x0000000089200000, 0x0000000089200000, 0x0000000089300000|  0%| F|  |TAMS 0x0000000089200000, 0x0000000089200000| Untracked 
| 147|0x0000000089300000, 0x0000000089300000, 0x0000000089400000|  0%| F|  |TAMS 0x0000000089300000, 0x0000000089300000| Untracked 
| 148|0x0000000089400000, 0x0000000089400000, 0x0000000089500000|  0%| F|  |TAMS 0x0000000089400000, 0x0000000089400000| Untracked 
| 149|0x0000000089500000, 0x0000000089500000, 0x0000000089600000|  0%| F|  |TAMS 0x0000000089500000, 0x0000000089500000| Untracked 
| 150|0x0000000089600000, 0x0000000089600000, 0x0000000089700000|  0%| F|  |TAMS 0x0000000089600000, 0x0000000089600000| Untracked 
| 151|0x0000000089700000, 0x0000000089700000, 0x0000000089800000|  0%| F|  |TAMS 0x0000000089700000, 0x0000000089700000| Untracked 
| 152|0x0000000089800000, 0x0000000089800000, 0x0000000089900000|  0%| F|  |TAMS 0x0000000089800000, 0x0000000089800000| Untracked 
| 153|0x0000000089900000, 0x0000000089900000, 0x0000000089a00000|  0%| F|  |TAMS 0x0000000089900000, 0x0000000089900000| Untracked 
| 154|0x0000000089a00000, 0x0000000089a00000, 0x0000000089b00000|  0%| F|  |TAMS 0x0000000089a00000, 0x0000000089a00000| Untracked 
| 155|0x0000000089b00000, 0x0000000089b00000, 0x0000000089c00000|  0%| F|  |TAMS 0x0000000089b00000, 0x0000000089b00000| Untracked 
| 156|0x0000000089c00000, 0x0000000089c00000, 0x0000000089d00000|  0%| F|  |TAMS 0x0000000089c00000, 0x0000000089c00000| Untracked 
| 157|0x0000000089d00000, 0x0000000089d00000, 0x0000000089e00000|  0%| F|  |TAMS 0x0000000089d00000, 0x0000000089d00000| Untracked 
| 158|0x0000000089e00000, 0x0000000089e00000, 0x0000000089f00000|  0%| F|  |TAMS 0x0000000089e00000, 0x0000000089e00000| Untracked 
| 159|0x0000000089f00000, 0x0000000089f00000, 0x000000008a000000|  0%| F|  |TAMS 0x0000000089f00000, 0x0000000089f00000| Untracked 
| 160|0x000000008a000000, 0x000000008a000000, 0x000000008a100000|  0%| F|  |TAMS 0x000000008a000000, 0x000000008a000000| Untracked 
| 161|0x000000008a100000, 0x000000008a100000, 0x000000008a200000|  0%| F|  |TAMS 0x000000008a100000, 0x000000008a100000| Untracked 
| 162|0x000000008a200000, 0x000000008a200000, 0x000000008a300000|  0%| F|  |TAMS 0x000000008a200000, 0x000000008a200000| Untracked 
| 163|0x000000008a300000, 0x000000008a300000, 0x000000008a400000|  0%| F|  |TAMS 0x000000008a300000, 0x000000008a300000| Untracked 
| 164|0x000000008a400000, 0x000000008a400000, 0x000000008a500000|  0%| F|  |TAMS 0x000000008a400000, 0x000000008a400000| Untracked 
| 165|0x000000008a500000, 0x000000008a500000, 0x000000008a600000|  0%| F|  |TAMS 0x000000008a500000, 0x000000008a500000| Untracked 
| 166|0x000000008a600000, 0x000000008a600000, 0x000000008a700000|  0%| F|  |TAMS 0x000000008a600000, 0x000000008a600000| Untracked 
| 167|0x000000008a700000, 0x000000008a700000, 0x000000008a800000|  0%| F|  |TAMS 0x000000008a700000, 0x000000008a700000| Untracked 
| 168|0x000000008a800000, 0x000000008a800000, 0x000000008a900000|  0%| F|  |TAMS 0x000000008a800000, 0x000000008a800000| Untracked 
| 169|0x000000008a900000, 0x000000008a900000, 0x000000008aa00000|  0%| F|  |TAMS 0x000000008a900000, 0x000000008a900000| Untracked 
| 170|0x000000008aa00000, 0x000000008aa00000, 0x000000008ab00000|  0%| F|  |TAMS 0x000000008aa00000, 0x000000008aa00000| Untracked 
| 171|0x000000008ab00000, 0x000000008ab00000, 0x000000008ac00000|  0%| F|  |TAMS 0x000000008ab00000, 0x000000008ab00000| Untracked 
| 172|0x000000008ac00000, 0x000000008ac00000, 0x000000008ad00000|  0%| F|  |TAMS 0x000000008ac00000, 0x000000008ac00000| Untracked 
| 173|0x000000008ad00000, 0x000000008ad00000, 0x000000008ae00000|  0%| F|  |TAMS 0x000000008ad00000, 0x000000008ad00000| Untracked 
| 174|0x000000008ae00000, 0x000000008ae00000, 0x000000008af00000|  0%| F|  |TAMS 0x000000008ae00000, 0x000000008ae00000| Untracked 
| 175|0x000000008af00000, 0x000000008af00000, 0x000000008b000000|  0%| F|  |TAMS 0x000000008af00000, 0x000000008af00000| Untracked 
| 176|0x000000008b000000, 0x000000008b000000, 0x000000008b100000|  0%| F|  |TAMS 0x000000008b000000, 0x000000008b000000| Untracked 
| 177|0x000000008b100000, 0x000000008b100000, 0x000000008b200000|  0%| F|  |TAMS 0x000000008b100000, 0x000000008b100000| Untracked 
| 178|0x000000008b200000, 0x000000008b200000, 0x000000008b300000|  0%| F|  |TAMS 0x000000008b200000, 0x000000008b200000| Untracked 
| 179|0x000000008b300000, 0x000000008b300000, 0x000000008b400000|  0%| F|  |TAMS 0x000000008b300000, 0x000000008b300000| Untracked 
| 180|0x000000008b400000, 0x000000008b400000, 0x000000008b500000|  0%| F|  |TAMS 0x000000008b400000, 0x000000008b400000| Untracked 
| 181|0x000000008b500000, 0x000000008b500000, 0x000000008b600000|  0%| F|  |TAMS 0x000000008b500000, 0x000000008b500000| Untracked 
| 182|0x000000008b600000, 0x000000008b600000, 0x000000008b700000|  0%| F|  |TAMS 0x000000008b600000, 0x000000008b600000| Untracked 
| 183|0x000000008b700000, 0x000000008b700000, 0x000000008b800000|  0%| F|  |TAMS 0x000000008b700000, 0x000000008b700000| Untracked 
| 184|0x000000008b800000, 0x000000008b800000, 0x000000008b900000|  0%| F|  |TAMS 0x000000008b800000, 0x000000008b800000| Untracked 
| 185|0x000000008b900000, 0x000000008b900000, 0x000000008ba00000|  0%| F|  |TAMS 0x000000008b900000, 0x000000008b900000| Untracked 
| 186|0x000000008ba00000, 0x000000008ba00000, 0x000000008bb00000|  0%| F|  |TAMS 0x000000008ba00000, 0x000000008ba00000| Untracked 
| 187|0x000000008bb00000, 0x000000008bb00000, 0x000000008bc00000|  0%| F|  |TAMS 0x000000008bb00000, 0x000000008bb00000| Untracked 
| 188|0x000000008bc00000, 0x000000008bc00000, 0x000000008bd00000|  0%| F|  |TAMS 0x000000008bc00000, 0x000000008bc00000| Untracked 
| 189|0x000000008bd00000, 0x000000008bd00000, 0x000000008be00000|  0%| F|  |TAMS 0x000000008bd00000, 0x000000008bd00000| Untracked 
| 190|0x000000008be00000, 0x000000008be00000, 0x000000008bf00000|  0%| F|  |TAMS 0x000000008be00000, 0x000000008be00000| Untracked 
| 191|0x000000008bf00000, 0x000000008bf00000, 0x000000008c000000|  0%| F|  |TAMS 0x000000008bf00000, 0x000000008bf00000| Untracked 
| 192|0x000000008c000000, 0x000000008c000000, 0x000000008c100000|  0%| F|  |TAMS 0x000000008c000000, 0x000000008c000000| Untracked 
| 193|0x000000008c100000, 0x000000008c100000, 0x000000008c200000|  0%| F|  |TAMS 0x000000008c100000, 0x000000008c100000| Untracked 
| 194|0x000000008c200000, 0x000000008c200000, 0x000000008c300000|  0%| F|  |TAMS 0x000000008c200000, 0x000000008c200000| Untracked 
| 195|0x000000008c300000, 0x000000008c300000, 0x000000008c400000|  0%| F|  |TAMS 0x000000008c300000, 0x000000008c300000| Untracked 
| 196|0x000000008c400000, 0x000000008c400000, 0x000000008c500000|  0%| F|  |TAMS 0x000000008c400000, 0x000000008c400000| Untracked 
| 197|0x000000008c500000, 0x000000008c500000, 0x000000008c600000|  0%| F|  |TAMS 0x000000008c500000, 0x000000008c500000| Untracked 
| 198|0x000000008c600000, 0x000000008c600000, 0x000000008c700000|  0%| F|  |TAMS 0x000000008c600000, 0x000000008c600000| Untracked 
| 199|0x000000008c700000, 0x000000008c700000, 0x000000008c800000|  0%| F|  |TAMS 0x000000008c700000, 0x000000008c700000| Untracked 
| 200|0x000000008c800000, 0x000000008c800000, 0x000000008c900000|  0%| F|  |TAMS 0x000000008c800000, 0x000000008c800000| Untracked 
| 201|0x000000008c900000, 0x000000008c900000, 0x000000008ca00000|  0%| F|  |TAMS 0x000000008c900000, 0x000000008c900000| Untracked 
| 202|0x000000008ca00000, 0x000000008ca00000, 0x000000008cb00000|  0%| F|  |TAMS 0x000000008ca00000, 0x000000008ca00000| Untracked 
| 203|0x000000008cb00000, 0x000000008cb00000, 0x000000008cc00000|  0%| F|  |TAMS 0x000000008cb00000, 0x000000008cb00000| Untracked 
| 204|0x000000008cc00000, 0x000000008cd00000, 0x000000008cd00000|100%| S|CS|TAMS 0x000000008cc00000, 0x000000008cc00000| Complete 
| 205|0x000000008cd00000, 0x000000008ce00000, 0x000000008ce00000|100%| S|CS|TAMS 0x000000008cd00000, 0x000000008cd00000| Complete 
| 206|0x000000008ce00000, 0x000000008ce00000, 0x000000008cf00000|  0%| F|  |TAMS 0x000000008ce00000, 0x000000008ce00000| Untracked 
| 207|0x000000008cf00000, 0x000000008cf00000, 0x000000008d000000|  0%| F|  |TAMS 0x000000008cf00000, 0x000000008cf00000| Untracked 
| 208|0x000000008d000000, 0x000000008d000000, 0x000000008d100000|  0%| F|  |TAMS 0x000000008d000000, 0x000000008d000000| Untracked 
| 209|0x000000008d100000, 0x000000008d100000, 0x000000008d200000|  0%| F|  |TAMS 0x000000008d100000, 0x000000008d100000| Untracked 
| 210|0x000000008d200000, 0x000000008d200000, 0x000000008d300000|  0%| F|  |TAMS 0x000000008d200000, 0x000000008d200000| Untracked 
| 211|0x000000008d300000, 0x000000008d300000, 0x000000008d400000|  0%| F|  |TAMS 0x000000008d300000, 0x000000008d300000| Untracked 
| 212|0x000000008d400000, 0x000000008d400000, 0x000000008d500000|  0%| F|  |TAMS 0x000000008d400000, 0x000000008d400000| Untracked 
| 213|0x000000008d500000, 0x000000008d500000, 0x000000008d600000|  0%| F|  |TAMS 0x000000008d500000, 0x000000008d500000| Untracked 

Card table byte_map: [0x0000016b51df0000,0x0000016b521f0000] _byte_map_base: 0x0000016b519f0000

Marking Bits (Prev, Next): (CMBitMap*) 0x0000016b39b978b0, (CMBitMap*) 0x0000016b39b978f0
 Prev Bits: [0x0000016b525f0000, 0x0000016b545f0000)
 Next Bits: [0x0000016b545f0000, 0x0000016b565f0000)

Polling page: 0x0000016b37cc0000

Metaspace:

Usage:
  Non-class:     70.56 MB used.
      Class:     11.27 MB used.
       Both:     81.83 MB used.

Virtual space:
  Non-class space:      128.00 MB reserved,      70.94 MB ( 55%) committed,  2 nodes.
      Class space:      416.00 MB reserved,      11.62 MB (  3%) committed,  1 nodes.
             Both:      544.00 MB reserved,      82.56 MB ( 15%) committed. 

Chunk freelists:
   Non-Class:  8.92 MB
       Class:  4.35 MB
        Both:  13.27 MB

MaxMetaspaceSize: 512.00 MB
CompressedClassSpaceSize: 416.00 MB
Initial GC threshold: 21.00 MB
Current GC threshold: 137.50 MB
CDS: on
MetaspaceReclaimPolicy: balanced
 - commit_granule_bytes: 65536.
 - commit_granule_words: 8192.
 - virtual_space_node_default_size: 8388608.
 - enlarge_chunks_in_place: 1.
 - new_chunks_are_fully_committed: 0.
 - uncommit_free_chunks: 1.
 - use_allocation_guard: 0.
 - handle_deallocations: 1.


Internal statistics:

num_allocs_failed_limit: 15.
num_arena_births: 890.
num_arena_deaths: 4.
num_vsnodes_births: 3.
num_vsnodes_deaths: 0.
num_space_committed: 1321.
num_space_uncommitted: 0.
num_chunks_returned_to_freelist: 24.
num_chunks_taken_from_freelist: 4314.
num_chunk_merges: 15.
num_chunk_splits: 2937.
num_chunks_enlarged: 2037.
num_inconsistent_stats: 0.

CodeHeap 'non-profiled nmethods': size=120000Kb used=5646Kb max_used=5646Kb free=114353Kb
 bounds [0x0000016b4a4c0000, 0x0000016b4aa50000, 0x0000016b519f0000]
CodeHeap 'profiled nmethods': size=120000Kb used=20948Kb max_used=20948Kb free=99051Kb
 bounds [0x0000016b429f0000, 0x0000016b43e70000, 0x0000016b49f20000]
CodeHeap 'non-nmethods': size=5760Kb used=2430Kb max_used=2464Kb free=3329Kb
 bounds [0x0000016b49f20000, 0x0000016b4a1b0000, 0x0000016b4a4c0000]
 total_blobs=10904 nmethods=9979 adapters=834
 compilation: enabled
              stopped_count=0, restarted_count=0
 full_count=0

Compilation events (20 events):
Event: 44.698 Thread 0x0000016b58ad0a00 11532       1       org.jetbrains.kotlin.metadata.ProtoBuf$Annotation::access$4700 (5 bytes)
Event: 44.698 Thread 0x0000016b58ad0a00 nmethod 11532 0x0000016b4a6fe590 code [0x0000016b4a6fe720, 0x0000016b4a6fe7d8]
Event: 44.700 Thread 0x0000016b58adbac0 nmethod 11352 0x0000016b4aa42e90 code [0x0000016b4aa43460, 0x0000016b4aa4ac98]
Event: 44.701 Thread 0x0000016b58adbac0 11533       4       org.jetbrains.kotlin.protobuf.CodedInputStream::readRawVarint32 (233 bytes)
Event: 44.703 Thread 0x0000016b58ad0a00 11535   !   2       org.jetbrains.kotlin.metadata.ProtoBuf$Annotation::<init> (344 bytes)
Event: 44.706 Thread 0x0000016b58ad0a00 nmethod 11535 0x0000016b43e63a10 code [0x0000016b43e63d80, 0x0000016b43e65458]
Event: 44.707 Thread 0x0000016b58ad0a00 11534       2       org.jetbrains.kotlin.metadata.ProtoBuf$Annotation::<init> (7 bytes)
Event: 44.707 Thread 0x0000016b58ad0a00 nmethod 11534 0x0000016b43e66010 code [0x0000016b43e661a0, 0x0000016b43e662c8]
Event: 44.707 Thread 0x0000016b58ad0a00 11536       2       org.jetbrains.kotlin.metadata.ProtoBuf$Annotation$1::parsePartialFrom (7 bytes)
Event: 44.707 Thread 0x0000016b58ad0a00 nmethod 11536 0x0000016b43e66390 code [0x0000016b43e66520, 0x0000016b43e66648]
Event: 44.707 Thread 0x0000016b58ad0a00 11537       2       org.jetbrains.kotlin.metadata.ProtoBuf$Annotation::newBuilderForType (5 bytes)
Event: 44.708 Thread 0x0000016b58ad0a00 nmethod 11537 0x0000016b43e66710 code [0x0000016b43e668c0, 0x0000016b43e66b18]
Event: 44.708 Thread 0x0000016b58ad0a00 11538       2       org.jetbrains.kotlin.metadata.ProtoBuf$Annotation$Builder::create (8 bytes)
Event: 44.708 Thread 0x0000016b58ad0a00 nmethod 11538 0x0000016b43e66c10 code [0x0000016b43e66dc0, 0x0000016b43e66fd8]
Event: 44.709 Thread 0x0000016b58ad0a00 11539       2       org.jetbrains.kotlin.metadata.ProtoBuf$Annotation$Builder::maybeForceBuilderInitialization (1 bytes)
Event: 44.709 Thread 0x0000016b58ad0a00 nmethod 11539 0x0000016b43175b10 code [0x0000016b43175ca0, 0x0000016b43175d98]
Event: 44.709 Thread 0x0000016b58ad0a00 11540       2       org.jetbrains.kotlin.metadata.ProtoBuf$Type::getDefaultInstanceForType (5 bytes)
Event: 44.709 Thread 0x0000016b58ad0a00 nmethod 11540 0x0000016b43e67090 code [0x0000016b43e67220, 0x0000016b43e67338]
Event: 44.709 Thread 0x0000016b58ad0a00 11541       2       org.jetbrains.kotlin.metadata.ProtoBuf$Type::getDefaultInstanceForType (4 bytes)
Event: 44.709 Thread 0x0000016b58ad0a00 nmethod 11541 0x0000016b43e67410 code [0x0000016b43e675a0, 0x0000016b43e676b8]

GC Heap History (20 events):
Event: 33.084 GC heap after
{Heap after GC invocations=26 (full 0):
 garbage-first heap   total 112640K, used 61760K [0x0000000080000000, 0x0000000100000000)
  region size 1024K, 1 young (1024K), 1 survivors (1024K)
 Metaspace       used 65766K, committed 66368K, reserved 491520K
  class space    used 9096K, committed 9344K, reserved 425984K
}
Event: 33.725 GC heap before
{Heap before GC invocations=26 (full 0):
 garbage-first heap   total 112640K, used 84288K [0x0000000080000000, 0x0000000100000000)
  region size 1024K, 24 young (24576K), 1 survivors (1024K)
 Metaspace       used 68506K, committed 69184K, reserved 491520K
  class space    used 9445K, committed 9728K, reserved 425984K
}
Event: 33.730 GC heap after
{Heap after GC invocations=27 (full 0):
 garbage-first heap   total 210944K, used 62633K [0x0000000080000000, 0x0000000100000000)
  region size 1024K, 1 young (1024K), 1 survivors (1024K)
 Metaspace       used 68506K, committed 69184K, reserved 491520K
  class space    used 9445K, committed 9728K, reserved 425984K
}
Event: 36.295 GC heap before
{Heap before GC invocations=28 (full 0):
 garbage-first heap   total 210944K, used 135337K [0x0000000080000000, 0x0000000100000000)
  region size 1024K, 72 young (73728K), 1 survivors (1024K)
 Metaspace       used 74180K, committed 74880K, reserved 491520K
  class space    used 10298K, committed 10624K, reserved 425984K
}
Event: 36.308 GC heap after
{Heap after GC invocations=29 (full 0):
 garbage-first heap   total 210944K, used 65604K [0x0000000080000000, 0x0000000100000000)
  region size 1024K, 4 young (4096K), 4 survivors (4096K)
 Metaspace       used 74180K, committed 74880K, reserved 491520K
  class space    used 10298K, committed 10624K, reserved 425984K
}
Event: 36.456 GC heap before
{Heap before GC invocations=29 (full 0):
 garbage-first heap   total 210944K, used 71748K [0x0000000080000000, 0x0000000100000000)
  region size 1024K, 10 young (10240K), 4 survivors (4096K)
 Metaspace       used 74501K, committed 75200K, reserved 491520K
  class space    used 10335K, committed 10688K, reserved 425984K
}
Event: 36.467 GC heap after
{Heap after GC invocations=30 (full 0):
 garbage-first heap   total 210944K, used 65729K [0x0000000080000000, 0x0000000100000000)
  region size 1024K, 1 young (1024K), 1 survivors (1024K)
 Metaspace       used 74501K, committed 75200K, reserved 491520K
  class space    used 10335K, committed 10688K, reserved 425984K
}
Event: 39.793 GC heap before
{Heap before GC invocations=30 (full 0):
 garbage-first heap   total 210944K, used 143553K [0x0000000080000000, 0x0000000100000000)
  region size 1024K, 77 young (78848K), 1 survivors (1024K)
 Metaspace       used 77767K, committed 78528K, reserved 557056K
  class space    used 10795K, committed 11136K, reserved 425984K
}
Event: 39.810 GC heap after
{Heap after GC invocations=31 (full 0):
 garbage-first heap   total 210944K, used 70986K [0x0000000080000000, 0x0000000100000000)
  region size 1024K, 6 young (6144K), 6 survivors (6144K)
 Metaspace       used 77767K, committed 78528K, reserved 557056K
  class space    used 10795K, committed 11136K, reserved 425984K
}
Event: 42.345 GC heap before
{Heap before GC invocations=31 (full 0):
 garbage-first heap   total 210944K, used 111946K [0x0000000080000000, 0x0000000100000000)
  region size 1024K, 47 young (48128K), 6 survivors (6144K)
 Metaspace       used 80731K, committed 81472K, reserved 557056K
  class space    used 11283K, committed 11584K, reserved 425984K
}
Event: 42.366 GC heap after
{Heap after GC invocations=32 (full 0):
 garbage-first heap   total 210944K, used 73944K [0x0000000080000000, 0x0000000100000000)
  region size 1024K, 3 young (3072K), 3 survivors (3072K)
 Metaspace       used 80731K, committed 81472K, reserved 557056K
  class space    used 11283K, committed 11584K, reserved 425984K
}
Event: 43.215 GC heap before
{Heap before GC invocations=33 (full 0):
 garbage-first heap   total 210944K, used 162008K [0x0000000080000000, 0x0000000100000000)
  region size 1024K, 83 young (84992K), 3 survivors (3072K)
 Metaspace       used 83115K, committed 83840K, reserved 557056K
  class space    used 11531K, committed 11840K, reserved 425984K
}
Event: 43.332 GC heap after
{Heap after GC invocations=34 (full 0):
 garbage-first heap   total 210944K, used 104330K [0x0000000080000000, 0x0000000100000000)
  region size 1024K, 11 young (11264K), 11 survivors (11264K)
 Metaspace       used 83115K, committed 83840K, reserved 557056K
  class space    used 11531K, committed 11840K, reserved 425984K
}
Event: 43.357 GC heap before
{Heap before GC invocations=34 (full 0):
 garbage-first heap   total 210944K, used 105354K [0x0000000080000000, 0x0000000100000000)
  region size 1024K, 12 young (12288K), 11 survivors (11264K)
 Metaspace       used 83121K, committed 83840K, reserved 557056K
  class space    used 11531K, committed 11840K, reserved 425984K
}
Event: 43.378 GC heap after
{Heap after GC invocations=35 (full 0):
 garbage-first heap   total 210944K, used 106413K [0x0000000080000000, 0x0000000100000000)
  region size 1024K, 2 young (2048K), 2 survivors (2048K)
 Metaspace       used 83121K, committed 83840K, reserved 557056K
  class space    used 11531K, committed 11840K, reserved 425984K
}
Event: 44.028 GC heap before
{Heap before GC invocations=35 (full 0):
 garbage-first heap   total 210944K, used 158637K [0x0000000080000000, 0x0000000100000000)
  region size 1024K, 54 young (55296K), 2 survivors (2048K)
 Metaspace       used 83657K, committed 84352K, reserved 557056K
  class space    used 11550K, committed 11904K, reserved 425984K
}
Event: 44.033 GC heap after
{Heap after GC invocations=36 (full 0):
 garbage-first heap   total 210944K, used 105715K [0x0000000080000000, 0x0000000100000000)
  region size 1024K, 1 young (1024K), 1 survivors (1024K)
 Metaspace       used 83657K, committed 84352K, reserved 557056K
  class space    used 11550K, committed 11904K, reserved 425984K
}
Event: 44.672 GC heap before
{Heap before GC invocations=37 (full 0):
 garbage-first heap   total 219136K, used 166131K [0x0000000080000000, 0x0000000100000000)
  region size 1024K, 59 young (60416K), 1 survivors (1024K)
 Metaspace       used 83788K, committed 84544K, reserved 557056K
  class space    used 11545K, committed 11904K, reserved 425984K
}
Event: 44.676 GC heap after
{Heap after GC invocations=38 (full 0):
 garbage-first heap   total 219136K, used 108312K [0x0000000080000000, 0x0000000100000000)
  region size 1024K, 2 young (2048K), 2 survivors (2048K)
 Metaspace       used 83788K, committed 84544K, reserved 557056K
  class space    used 11545K, committed 11904K, reserved 425984K
}
Event: 44.714 GC heap before
{Heap before GC invocations=38 (full 0):
 garbage-first heap   total 219136K, used 116504K [0x0000000080000000, 0x0000000100000000)
  region size 1024K, 10 young (10240K), 2 survivors (2048K)
 Metaspace       used 83795K, committed 84544K, reserved 557056K
  class space    used 11545K, committed 11904K, reserved 425984K
}

Dll operation events (15 events):
Event: 0.016 Loaded shared library C:\Program Files\OpenLogic\jdk-17.0.11.9-hotspot\bin\java.dll
Event: 0.040 Loaded shared library C:\Program Files\OpenLogic\jdk-17.0.11.9-hotspot\bin\jsvml.dll
Event: 0.122 Loaded shared library C:\Program Files\OpenLogic\jdk-17.0.11.9-hotspot\bin\zip.dll
Event: 0.127 Loaded shared library C:\Program Files\OpenLogic\jdk-17.0.11.9-hotspot\bin\instrument.dll
Event: 0.133 Loaded shared library C:\Program Files\OpenLogic\jdk-17.0.11.9-hotspot\bin\net.dll
Event: 0.137 Loaded shared library C:\Program Files\OpenLogic\jdk-17.0.11.9-hotspot\bin\nio.dll
Event: 0.143 Loaded shared library C:\Program Files\OpenLogic\jdk-17.0.11.9-hotspot\bin\zip.dll
Event: 0.516 Loaded shared library C:\Program Files\OpenLogic\jdk-17.0.11.9-hotspot\bin\jimage.dll
Event: 0.694 Loaded shared library C:\Program Files\OpenLogic\jdk-17.0.11.9-hotspot\bin\verify.dll
Event: 1.131 Loaded shared library C:\Users\APK\.gradle\native\c067742578af261105cb4f569cf0c3c89f3d7b1fecec35dd04571415982c5e48\windows-amd64\native-platform.dll
Event: 1.162 Loaded shared library C:\Users\APK\.gradle\native\38dada09dfb8b06ba9b0570ebf7e218e3eb74d4ef43ca46872605cf95ebc2f47\windows-amd64\native-platform-file-events.dll
Event: 3.495 Loaded shared library C:\Program Files\OpenLogic\jdk-17.0.11.9-hotspot\bin\management.dll
Event: 3.498 Loaded shared library C:\Program Files\OpenLogic\jdk-17.0.11.9-hotspot\bin\management_ext.dll
Event: 3.863 Loaded shared library C:\Program Files\OpenLogic\jdk-17.0.11.9-hotspot\bin\extnet.dll
Event: 4.237 Loaded shared library C:\Program Files\OpenLogic\jdk-17.0.11.9-hotspot\bin\sunmscapi.dll

Deoptimization events (20 events):
Event: 44.691 Thread 0x0000016b7c9889f0 Uncommon trap: trap_request=0xffffff45 fr.pc=0x0000016b4a6e17b4 relative=0x0000000000000474
Event: 44.691 Thread 0x0000016b7c9889f0 Uncommon trap: reason=unstable_if action=reinterpret pc=0x0000016b4a6e17b4 method=org.jetbrains.kotlin.protobuf.CodedInputStream.readRawVarint32()I @ 10 c2
Event: 44.691 Thread 0x0000016b7c9889f0 DEOPT PACKING pc=0x0000016b4a6e17b4 sp=0x00000013bf6f9dd0
Event: 44.691 Thread 0x0000016b7c9889f0 DEOPT UNPACKING pc=0x0000016b49f769a3 sp=0x00000013bf6f9cd8 mode 2
Event: 44.700 Thread 0x0000016b7c98b780 Uncommon trap: trap_request=0xffffffbe fr.pc=0x0000016b4aa4972c relative=0x00000000000062cc
Event: 44.700 Thread 0x0000016b7c98b780 Uncommon trap: reason=profile_predicate action=maybe_recompile pc=0x0000016b4aa4972c method=org.jetbrains.org.objectweb.asm.ClassReader.accept(Lorg/jetbrains/org/objectweb/asm/ClassVisitor;[Lorg/jetbrains/org/objectweb/asm/Attribute;I)V @ 1222 c2
Event: 44.700 Thread 0x0000016b7c98b780 DEOPT PACKING pc=0x0000016b4aa4972c sp=0x00000013bf4fae00
Event: 44.700 Thread 0x0000016b7c98b780 DEOPT UNPACKING pc=0x0000016b49f769a3 sp=0x00000013bf4fadd8 mode 2
Event: 44.701 Thread 0x0000016b7c98b780 Uncommon trap: trap_request=0xffffffbe fr.pc=0x0000016b4aa4972c relative=0x00000000000062cc
Event: 44.701 Thread 0x0000016b7c98b780 Uncommon trap: reason=profile_predicate action=maybe_recompile pc=0x0000016b4aa4972c method=org.jetbrains.org.objectweb.asm.ClassReader.accept(Lorg/jetbrains/org/objectweb/asm/ClassVisitor;[Lorg/jetbrains/org/objectweb/asm/Attribute;I)V @ 1222 c2
Event: 44.701 Thread 0x0000016b7c98b780 DEOPT PACKING pc=0x0000016b4aa4972c sp=0x00000013bf4fae00
Event: 44.701 Thread 0x0000016b7c98b780 DEOPT UNPACKING pc=0x0000016b49f769a3 sp=0x00000013bf4fadd8 mode 2
Event: 44.701 Thread 0x0000016b7c98b780 Uncommon trap: trap_request=0xffffffbe fr.pc=0x0000016b4aa4972c relative=0x00000000000062cc
Event: 44.701 Thread 0x0000016b7c98b780 Uncommon trap: reason=profile_predicate action=maybe_recompile pc=0x0000016b4aa4972c method=org.jetbrains.org.objectweb.asm.ClassReader.accept(Lorg/jetbrains/org/objectweb/asm/ClassVisitor;[Lorg/jetbrains/org/objectweb/asm/Attribute;I)V @ 1222 c2
Event: 44.701 Thread 0x0000016b7c98b780 DEOPT PACKING pc=0x0000016b4aa4972c sp=0x00000013bf4fad20
Event: 44.701 Thread 0x0000016b7c98b780 DEOPT UNPACKING pc=0x0000016b49f769a3 sp=0x00000013bf4facf8 mode 2
Event: 44.702 Thread 0x0000016b7c98b780 Uncommon trap: trap_request=0xffffffbe fr.pc=0x0000016b4aa4972c relative=0x00000000000062cc
Event: 44.702 Thread 0x0000016b7c98b780 Uncommon trap: reason=profile_predicate action=maybe_recompile pc=0x0000016b4aa4972c method=org.jetbrains.org.objectweb.asm.ClassReader.accept(Lorg/jetbrains/org/objectweb/asm/ClassVisitor;[Lorg/jetbrains/org/objectweb/asm/Attribute;I)V @ 1222 c2
Event: 44.702 Thread 0x0000016b7c98b780 DEOPT PACKING pc=0x0000016b4aa4972c sp=0x00000013bf4fae00
Event: 44.702 Thread 0x0000016b7c98b780 DEOPT UNPACKING pc=0x0000016b49f769a3 sp=0x00000013bf4fadd8 mode 2

Classes unloaded (6 events):
Event: 29.500 Thread 0x0000016b58aac000 Unloading class 0x0000016b5a54c000 '_BuildScript_'
Event: 44.380 Thread 0x0000016b58aac000 Unloading class 0x0000016b5aabd7d0 '_BuildScript_$_run_closure1$_closure4'
Event: 44.380 Thread 0x0000016b58aac000 Unloading class 0x0000016b5aabd3e8 '_BuildScript_$_run_closure1$_closure3'
Event: 44.380 Thread 0x0000016b58aac000 Unloading class 0x0000016b5aabd000 '_BuildScript_$_run_closure1$_closure2'
Event: 44.380 Thread 0x0000016b58aac000 Unloading class 0x0000016b5aabcc00 '_BuildScript_$_run_closure1'
Event: 44.380 Thread 0x0000016b58aac000 Unloading class 0x0000016b5aabc000 '_BuildScript_'

Classes redefined (0 events):
No events

Internal exceptions (20 events):
Event: 38.633 Thread 0x0000016b79639410 Exception <a 'java/lang/ClassNotFoundException'{0x000000008950f5e8}: org/gradle/api/internal/DefaultNamedDomainObjectCollectionCustomizer> (0x000000008950f5e8) 
thrown [s\src\hotspot\share\classfile\systemDictionary.cpp, line 256]
Event: 38.638 Thread 0x0000016b79639410 Exception <a 'java/lang/ClassNotFoundException'{0x000000008954c3b0}: org/gradle/api/internal/DefaultNamedDomainObjectListCustomizer> (0x000000008954c3b0) 
thrown [s\src\hotspot\share\classfile\systemDictionary.cpp, line 256]
Event: 38.642 Thread 0x0000016b79639410 Exception <a 'java/lang/ClassNotFoundException'{0x0000000089580c68}: org/gradle/api/internal/artifacts/DefaultArtifactRepositoryContainerCustomizer> (0x0000000089580c68) 
thrown [s\src\hotspot\share\classfile\systemDictionary.cpp, line 256]
Event: 38.645 Thread 0x0000016b79639410 Exception <a 'java/lang/ClassNotFoundException'{0x00000000895aa7e8}: org/gradle/api/internal/artifacts/dsl/DefaultRepositoryHandlerCustomizer> (0x00000000895aa7e8) 
thrown [s\src\hotspot\share\classfile\systemDictionary.cpp, line 256]
Event: 38.651 Thread 0x0000016b79639410 Exception <a 'java/lang/ClassNotFoundException'{0x00000000895e1690}: org/gradle/api/internal/artifacts/dsl/DefaultRepositoryHandler_DecoratedCustomizer> (0x00000000895e1690) 
thrown [s\src\hotspot\share\classfile\systemDictionary.cpp, line 256]
Event: 38.661 Thread 0x0000016b79639410 Implicit null exception at 0x0000016b4a8b7b12 to 0x0000016b4a8b8190
Event: 38.661 Thread 0x0000016b79639410 Implicit null exception at 0x0000016b4a8b0f14 to 0x0000016b4a8b15a8
Event: 38.669 Thread 0x0000016b79639410 Exception <a 'java/lang/ClassNotFoundException'{0x00000000894867c0}: org/gradle/api/internal/artifacts/dsl/dependencies/DefaultDependencyHandler_DecoratedBeanInfo> (0x00000000894867c0) 
thrown [s\src\hotspot\share\classfile\systemDictionary.cpp, line 256]
Event: 38.672 Thread 0x0000016b79639410 Exception <a 'java/lang/ClassNotFoundException'{0x000000008949dd38}: org/gradle/api/internal/artifacts/dsl/dependencies/DefaultDependencyHandlerBeanInfo> (0x000000008949dd38) 
thrown [s\src\hotspot\share\classfile\systemDictionary.cpp, line 256]
Event: 38.674 Thread 0x0000016b79639410 Exception <a 'java/lang/ClassNotFoundException'{0x00000000894b4528}: org/gradle/api/internal/artifacts/dsl/dependencies/DefaultDependencyHandlerCustomizer> (0x00000000894b4528) 
thrown [s\src\hotspot\share\classfile\systemDictionary.cpp, line 256]
Event: 38.679 Thread 0x0000016b79639410 Exception <a 'java/lang/ClassNotFoundException'{0x00000000894f2d08}: org/gradle/api/internal/artifacts/dsl/dependencies/DefaultDependencyHandler_DecoratedCustomizer> (0x00000000894f2d08) 
thrown [s\src\hotspot\share\classfile\systemDictionary.cpp, line 256]
Event: 40.397 Thread 0x0000016b79639410 Exception <a 'java/lang/NoSuchMethodError'{0x000000008bdbfb48}: 'java.lang.Object java.lang.invoke.DirectMethodHandle$Holder.newInvokeSpecial(java.lang.Object, java.lang.Object, java.lang.Object, java.lang.Object, java.lang.Object, java.lang.Object, int)'> (0x000000008bdbfb48) 
thrown [s\src\hotspot\share\interpreter\linkResolver.cpp, line 759]
Event: 40.398 Thread 0x0000016b79639410 Exception <a 'java/lang/NoSuchMethodError'{0x000000008bdc5b30}: 'java.lang.Object java.lang.invoke.DirectMethodHandle$Holder.invokeSpecial(java.lang.Object, java.lang.Object, java.lang.Object, java.lang.Object, java.lang.Object, java.lang.Object, java.lang.Object, int)'> (0x000000008bdc5b30) 
thrown [s\src\hotspot\share\interpreter\linkResolver.cpp, line 759]
Event: 40.398 Thread 0x0000016b79639410 Exception <a 'java/lang/NoSuchMethodError'{0x000000008bdcb700}: 'java.lang.Object java.lang.invoke.Invokers$Holder.linkToTargetMethod(java.lang.Object, java.lang.Object, java.lang.Object, java.lang.Object, java.lang.Object, int, java.lang.Object)'> (0x000000008bdcb700) 
thrown [s\src\hotspot\share\interpreter\linkResolver.cpp, line 759]
Event: 40.430 Thread 0x0000016b7b921060 Implicit null exception at 0x0000016b4a551060 to 0x0000016b4a551100
Event: 41.077 Thread 0x0000016b7b923df0 Exception <a 'java/lang/NoSuchMethodError'{0x000000008ad05c28}: 'void java.lang.invoke.DirectMethodHandle$Holder.invokeSpecial(java.lang.Object, java.lang.Object, java.lang.Object, java.lang.Object, int, java.lang.Object, java.lang.Object)'> (0x000000008ad05c28) 
thrown [s\src\hotspot\share\interpreter\linkResolver.cpp, line 759]
Event: 41.093 Thread 0x0000016b7b923df0 Exception <a 'java/lang/NoSuchMethodError'{0x000000008adaef58}: 'void java.lang.invoke.DirectMethodHandle$Holder.invokeInterface(java.lang.Object, java.lang.Object, java.lang.Object, java.lang.Object)'> (0x000000008adaef58) 
thrown [s\src\hotspot\share\interpreter\linkResolver.cpp, line 759]
Event: 41.105 Thread 0x0000016b7b923df0 Exception <a 'sun/nio/fs/WindowsException'{0x000000008ac1c248}> (0x000000008ac1c248) 
thrown [s\src\hotspot\share\prims\jni.cpp, line 516]
Event: 41.106 Thread 0x0000016b7b923df0 Exception <a 'sun/nio/fs/WindowsException'{0x000000008ac1ddd0}> (0x000000008ac1ddd0) 
thrown [s\src\hotspot\share\prims\jni.cpp, line 516]
Event: 41.107 Thread 0x0000016b7b923df0 Exception <a 'sun/nio/fs/WindowsException'{0x000000008ac1f970}> (0x000000008ac1f970) 
thrown [s\src\hotspot\share\prims\jni.cpp, line 516]

VM Operations (20 events):
Event: 42.719 Executing VM operation: G1PauseCleanup done
Event: 43.162 Executing VM operation: HandshakeAllThreads
Event: 43.163 Executing VM operation: HandshakeAllThreads done
Event: 43.164 Executing VM operation: HandshakeAllThreads
Event: 43.164 Executing VM operation: HandshakeAllThreads done
Event: 43.207 Executing VM operation: G1CollectForAllocation
Event: 43.351 Executing VM operation: G1CollectForAllocation done
Event: 43.357 Executing VM operation: G1CollectForAllocation
Event: 43.378 Executing VM operation: G1CollectForAllocation done
Event: 44.028 Executing VM operation: G1CollectForAllocation
Event: 44.033 Executing VM operation: G1CollectForAllocation done
Event: 44.378 Executing VM operation: G1PauseRemark
Event: 44.404 Executing VM operation: G1PauseRemark done
Event: 44.561 Executing VM operation: G1PauseCleanup
Event: 44.564 Executing VM operation: G1PauseCleanup done
Event: 44.671 Executing VM operation: G1CollectForAllocation
Event: 44.671 Executing VM operation: G1CollectForAllocation done
Event: 44.671 Executing VM operation: G1CollectForAllocation
Event: 44.676 Executing VM operation: G1CollectForAllocation done
Event: 44.709 Executing VM operation: G1CollectForAllocation

Events (20 events):
Event: 41.175 Thread 0x0000016b58ad1af0 flushing nmethod 0x0000016b438dd490
Event: 41.175 Thread 0x0000016b58ad1af0 flushing nmethod 0x0000016b438de190
Event: 41.175 Thread 0x0000016b58ad1af0 flushing nmethod 0x0000016b438df910
Event: 41.175 Thread 0x0000016b58ad1af0 flushing nmethod 0x0000016b43912b90
Event: 41.175 Thread 0x0000016b58ad1af0 flushing nmethod 0x0000016b43916b90
Event: 41.175 Thread 0x0000016b58ad1af0 flushing nmethod 0x0000016b439b9290
Event: 41.176 Thread 0x0000016b58ad1af0 flushing nmethod 0x0000016b439cb810
Event: 41.176 Thread 0x0000016b58ad1af0 flushing nmethod 0x0000016b439f1f10
Event: 41.176 Thread 0x0000016b58ad1af0 flushing nmethod 0x0000016b439fb810
Event: 41.176 Thread 0x0000016b58ad1af0 flushing nmethod 0x0000016b43adf710
Event: 41.176 Thread 0x0000016b58ad1af0 flushing nmethod 0x0000016b43af0f10
Event: 42.168 Thread 0x0000016b7b0f2ed0 Thread added: 0x0000016b7b0f2ed0
Event: 42.243 Thread 0x0000016b7c9884e0 Thread added: 0x0000016b7c9884e0
Event: 42.243 Thread 0x0000016b7c989e30 Thread added: 0x0000016b7c989e30
Event: 42.243 Thread 0x0000016b7c987fd0 Thread added: 0x0000016b7c987fd0
Event: 42.272 Thread 0x0000016b7c98b780 Thread added: 0x0000016b7c98b780
Event: 42.273 Thread 0x0000016b7c989410 Thread added: 0x0000016b7c989410
Event: 42.274 Thread 0x0000016b7c9889f0 Thread added: 0x0000016b7c9889f0
Event: 42.991 loading class java/io/UTFDataFormatException
Event: 42.991 loading class java/io/UTFDataFormatException done


Dynamic libraries:
0x00007ff6d6050000 - 0x00007ff6d605e000 	C:\Program Files\OpenLogic\jdk-17.0.11.9-hotspot\bin\java.exe
0x00007ff9c4970000 - 0x00007ff9c4b68000 	C:\Windows\SYSTEM32\ntdll.dll
0x00007ff9c3930000 - 0x00007ff9c39ef000 	C:\Windows\System32\KERNEL32.DLL
0x00007ff9c2080000 - 0x00007ff9c2376000 	C:\Windows\System32\KERNELBASE.dll
0x00007ff9c2380000 - 0x00007ff9c2480000 	C:\Windows\System32\ucrtbase.dll
0x00007ff9aa180000 - 0x00007ff9aa19b000 	C:\Program Files\OpenLogic\jdk-17.0.11.9-hotspot\bin\VCRUNTIME140.dll
0x00007ff9a8fc0000 - 0x00007ff9a8fd7000 	C:\Program Files\OpenLogic\jdk-17.0.11.9-hotspot\bin\jli.dll
0x00007ff9c4450000 - 0x00007ff9c45ed000 	C:\Windows\System32\USER32.dll
0x00007ff9bb8f0000 - 0x00007ff9bbb8a000 	C:\Windows\WinSxS\amd64_microsoft.windows.common-controls_6595b64144ccf1df_6.0.19041.1110_none_60b5254171f9507e\COMCTL32.dll
0x00007ff9c25a0000 - 0x00007ff9c25c2000 	C:\Windows\System32\win32u.dll
0x00007ff9c4650000 - 0x00007ff9c46ee000 	C:\Windows\System32\msvcrt.dll
0x00007ff9c4900000 - 0x00007ff9c492c000 	C:\Windows\System32\GDI32.dll
0x00007ff9c2480000 - 0x00007ff9c2595000 	C:\Windows\System32\gdi32full.dll
0x00007ff9c2930000 - 0x00007ff9c29cd000 	C:\Windows\System32\msvcp_win.dll
0x00007ff9c3760000 - 0x00007ff9c3790000 	C:\Windows\System32\IMM32.DLL
0x00007ff9b7530000 - 0x00007ff9b753c000 	C:\Program Files\OpenLogic\jdk-17.0.11.9-hotspot\bin\vcruntime140_1.dll
0x00007ff99d050000 - 0x00007ff99d0dd000 	C:\Program Files\OpenLogic\jdk-17.0.11.9-hotspot\bin\msvcp140.dll
0x00007ff96b470000 - 0x00007ff96c0d2000 	C:\Program Files\OpenLogic\jdk-17.0.11.9-hotspot\bin\server\jvm.dll
0x00007ff9c29d0000 - 0x00007ff9c2a7f000 	C:\Windows\System32\ADVAPI32.dll
0x00007ff9c3890000 - 0x00007ff9c392c000 	C:\Windows\System32\sechost.dll
0x00007ff9c4320000 - 0x00007ff9c4446000 	C:\Windows\System32\RPCRT4.dll
0x00007ff9c1ec0000 - 0x00007ff9c1f0b000 	C:\Windows\SYSTEM32\POWRPROF.dll
0x00007ff9bdd50000 - 0x00007ff9bdd77000 	C:\Windows\SYSTEM32\WINMM.dll
0x00007ff9bc9d0000 - 0x00007ff9bc9d9000 	C:\Windows\SYSTEM32\WSOCK32.dll
0x00007ff9c4170000 - 0x00007ff9c41db000 	C:\Windows\System32\WS2_32.dll
0x00007ff9b84a0000 - 0x00007ff9b84aa000 	C:\Windows\SYSTEM32\VERSION.dll
0x00007ff9c1ea0000 - 0x00007ff9c1eb2000 	C:\Windows\SYSTEM32\UMPDC.dll
0x00007ff9bf940000 - 0x00007ff9bf952000 	C:\Windows\SYSTEM32\kernel.appcore.dll
0x00007ff9b4d30000 - 0x00007ff9b4d3a000 	C:\Program Files\OpenLogic\jdk-17.0.11.9-hotspot\bin\jimage.dll
0x00007ff9bbd80000 - 0x00007ff9bbf64000 	C:\Windows\SYSTEM32\DBGHELP.DLL
0x00007ff9bbd40000 - 0x00007ff9bbd74000 	C:\Windows\SYSTEM32\dbgcore.DLL
0x00007ff9c28a0000 - 0x00007ff9c2922000 	C:\Windows\System32\bcryptPrimitives.dll
0x00007ff9b3db0000 - 0x00007ff9b3dbe000 	C:\Program Files\OpenLogic\jdk-17.0.11.9-hotspot\bin\instrument.dll
0x00007ff9a7f90000 - 0x00007ff9a7fb5000 	C:\Program Files\OpenLogic\jdk-17.0.11.9-hotspot\bin\java.dll
0x00007ff990390000 - 0x00007ff990466000 	C:\Program Files\OpenLogic\jdk-17.0.11.9-hotspot\bin\jsvml.dll
0x00007ff9c3a20000 - 0x00007ff9c4164000 	C:\Windows\System32\SHELL32.dll
0x00007ff9c0110000 - 0x00007ff9c08a3000 	C:\Windows\SYSTEM32\windows.storage.dll
0x00007ff9c3330000 - 0x00007ff9c3684000 	C:\Windows\System32\combase.dll
0x00007ff9c19d0000 - 0x00007ff9c19fe000 	C:\Windows\SYSTEM32\Wldp.dll
0x00007ff9c2d90000 - 0x00007ff9c2e3d000 	C:\Windows\System32\SHCORE.dll
0x00007ff9c46f0000 - 0x00007ff9c4745000 	C:\Windows\System32\shlwapi.dll
0x00007ff9c1f90000 - 0x00007ff9c1faf000 	C:\Windows\SYSTEM32\profapi.dll
0x00007ff9a7ba0000 - 0x00007ff9a7bb8000 	C:\Program Files\OpenLogic\jdk-17.0.11.9-hotspot\bin\zip.dll
0x00007ff9a8e60000 - 0x00007ff9a8e79000 	C:\Program Files\OpenLogic\jdk-17.0.11.9-hotspot\bin\net.dll
0x00007ff9baf00000 - 0x00007ff9bb00a000 	C:\Windows\SYSTEM32\WINHTTP.dll
0x00007ff9c1730000 - 0x00007ff9c179a000 	C:\Windows\system32\mswsock.dll
0x00007ff9a7bc0000 - 0x00007ff9a7bd6000 	C:\Program Files\OpenLogic\jdk-17.0.11.9-hotspot\bin\nio.dll
0x00007ff9b4b40000 - 0x00007ff9b4b50000 	C:\Program Files\OpenLogic\jdk-17.0.11.9-hotspot\bin\verify.dll
0x00007ff9a67a0000 - 0x00007ff9a67c7000 	C:\Users\APK\.gradle\native\c067742578af261105cb4f569cf0c3c89f3d7b1fecec35dd04571415982c5e48\windows-amd64\native-platform.dll
0x00007ff98bef0000 - 0x00007ff98c034000 	C:\Users\APK\.gradle\native\38dada09dfb8b06ba9b0570ebf7e218e3eb74d4ef43ca46872605cf95ebc2f47\windows-amd64\native-platform-file-events.dll
0x00007ff9b4050000 - 0x00007ff9b4059000 	C:\Program Files\OpenLogic\jdk-17.0.11.9-hotspot\bin\management.dll
0x00007ff9b3ff0000 - 0x00007ff9b3ffb000 	C:\Program Files\OpenLogic\jdk-17.0.11.9-hotspot\bin\management_ext.dll
0x00007ff9c2c50000 - 0x00007ff9c2c58000 	C:\Windows\System32\PSAPI.DLL
0x00007ff9c1920000 - 0x00007ff9c1938000 	C:\Windows\SYSTEM32\CRYPTSP.dll
0x00007ff9c1050000 - 0x00007ff9c1084000 	C:\Windows\system32\rsaenh.dll
0x00007ff9c2050000 - 0x00007ff9c2077000 	C:\Windows\System32\bcrypt.dll
0x00007ff9c1f50000 - 0x00007ff9c1f7e000 	C:\Windows\SYSTEM32\USERENV.dll
0x00007ff9c1940000 - 0x00007ff9c194c000 	C:\Windows\SYSTEM32\CRYPTBASE.dll
0x00007ff9c1420000 - 0x00007ff9c145c000 	C:\Windows\SYSTEM32\IPHLPAPI.DLL
0x00007ff9c3a10000 - 0x00007ff9c3a18000 	C:\Windows\System32\NSI.dll
0x00007ff9bae10000 - 0x00007ff9bae27000 	C:\Windows\SYSTEM32\dhcpcsvc6.DLL
0x00007ff9badf0000 - 0x00007ff9bae0d000 	C:\Windows\SYSTEM32\dhcpcsvc.DLL
0x00007ff9c1460000 - 0x00007ff9c152b000 	C:\Windows\SYSTEM32\DNSAPI.dll
0x00007ff9b3e20000 - 0x00007ff9b3e28000 	C:\Program Files\OpenLogic\jdk-17.0.11.9-hotspot\bin\extnet.dll
0x00007ff9b3c50000 - 0x00007ff9b3c5e000 	C:\Program Files\OpenLogic\jdk-17.0.11.9-hotspot\bin\sunmscapi.dll
0x00007ff9c2740000 - 0x00007ff9c289e000 	C:\Windows\System32\CRYPT32.dll
0x00007ff9c1a40000 - 0x00007ff9c1a68000 	C:\Windows\SYSTEM32\ncrypt.dll
0x00007ff9c1a00000 - 0x00007ff9c1a3b000 	C:\Windows\SYSTEM32\NTASN1.dll
0x00007ff9b3160000 - 0x00007ff9b3167000 	C:\Windows\system32\wshunix.dll
0x00007ff9af600000 - 0x00007ff9af617000 	C:\Windows\system32\napinsp.dll
0x00007ff9a3500000 - 0x00007ff9a351b000 	C:\Windows\system32\pnrpnsp.dll
0x00007ff9aab30000 - 0x00007ff9aab45000 	C:\Windows\system32\wshbth.dll
0x00007ff9bb020000 - 0x00007ff9bb03d000 	C:\Windows\system32\NLAapi.dll
0x00007ff9a3480000 - 0x00007ff9a3492000 	C:\Windows\System32\winrnr.dll
0x00007ff9bade0000 - 0x00007ff9badea000 	C:\Windows\System32\rasadhlp.dll
0x00007ff9bac60000 - 0x00007ff9bace2000 	C:\Windows\System32\fwpuclnt.dll

dbghelp: loaded successfully - version: 4.0.5 - missing functions: none
symbol engine: initialized successfully - sym options: 0x614 - pdb path: .;C:\Program Files\OpenLogic\jdk-17.0.11.9-hotspot\bin;C:\Windows\SYSTEM32;C:\Windows\WinSxS\amd64_microsoft.windows.common-controls_6595b64144ccf1df_6.0.19041.1110_none_60b5254171f9507e;C:\Program Files\OpenLogic\jdk-17.0.11.9-hotspot\bin\server;C:\Users\APK\.gradle\native\c067742578af261105cb4f569cf0c3c89f3d7b1fecec35dd04571415982c5e48\windows-amd64;C:\Users\APK\.gradle\native\38dada09dfb8b06ba9b0570ebf7e218e3eb74d4ef43ca46872605cf95ebc2f47\windows-amd64

VM Arguments:
jvm_args: -XX:MaxMetaspaceSize=512m --add-opens=java.base/java.util=ALL-UNNAMED --add-opens=java.base/java.lang=ALL-UNNAMED --add-opens=java.base/java.lang.invoke=ALL-UNNAMED --add-opens=java.prefs/java.util.prefs=ALL-UNNAMED --add-opens=java.base/java.nio.charset=ALL-UNNAMED --add-opens=java.base/java.net=ALL-UNNAMED --add-opens=java.base/java.util.concurrent.atomic=ALL-UNNAMED -Xmx2048m -Dfile.encoding=windows-1252 -Duser.country=US -Duser.language=en -Duser.variant -javaagent:C:\Users\APK\.gradle\wrapper\dists\gradle-8.6-all\3mbtmo166bl6vumsh5k2lkq5h\gradle-8.6\lib\agents\gradle-instrumentation-agent-8.6.jar 
java_command: org.gradle.launcher.daemon.bootstrap.GradleDaemon 8.6
java_class_path (initial): C:\Users\APK\.gradle\wrapper\dists\gradle-8.6-all\3mbtmo166bl6vumsh5k2lkq5h\gradle-8.6\lib\gradle-launcher-8.6.jar
Launcher Type: SUN_STANDARD

[Global flags]
     intx CICompilerCount                          = 3                                         {product} {ergonomic}
   size_t CompressedClassSpaceSize                 = 436207616                                 {product} {ergonomic}
     uint ConcGCThreads                            = 1                                         {product} {ergonomic}
     uint G1ConcRefinementThreads                  = 4                                         {product} {ergonomic}
   size_t G1HeapRegionSize                         = 1048576                                   {product} {ergonomic}
    uintx GCDrainStackTargetSize                   = 64                                        {product} {ergonomic}
   size_t InitialHeapSize                          = 132120576                                 {product} {ergonomic}
   size_t MarkStackSize                            = 4194304                                   {product} {ergonomic}
   size_t MaxHeapSize                              = 2147483648                                {product} {command line}
   size_t MaxMetaspaceSize                         = 536870912                                 {product} {command line}
   size_t MaxNewSize                               = 1287651328                                {product} {ergonomic}
   size_t MinHeapDeltaBytes                        = 1048576                                   {product} {ergonomic}
   size_t MinHeapSize                              = 8388608                                   {product} {ergonomic}
    uintx NonNMethodCodeHeapSize                   = 5832780                                {pd product} {ergonomic}
    uintx NonProfiledCodeHeapSize                  = 122912730                              {pd product} {ergonomic}
    uintx ProfiledCodeHeapSize                     = 122912730                              {pd product} {ergonomic}
    uintx ReservedCodeCacheSize                    = 251658240                              {pd product} {ergonomic}
     bool SegmentedCodeCache                       = true                                      {product} {ergonomic}
   size_t SoftMaxHeapSize                          = 2147483648                             {manageable} {ergonomic}
     bool UseCompressedClassPointers               = true                           {product lp64_product} {ergonomic}
     bool UseCompressedOops                        = true                           {product lp64_product} {ergonomic}
     bool UseG1GC                                  = true                                      {product} {ergonomic}
     bool UseLargePagesIndividualAllocation        = false                                  {pd product} {ergonomic}

Logging:
Log output configuration:
 #0: stdout all=warning uptime,level,tags
 #1: stderr all=off uptime,level,tags

Environment Variables:
JAVA_HOME=C:\Program Files\OpenLogic\jdk-17.0.11.9-hotspot\
CLASSPATH=E:\reactNative\qwerty\android\\gradle\wrapper\gradle-wrapper.jar
PATH=E:\reactNative\qwerty\node_modules\.bin;E:\reactNative\qwerty\node_modules\.bin;E:\reactNative\node_modules\.bin;E:\node_modules\.bin;C:\Users\APK\AppData\Roaming\npm\node_modules\npm\node_modules\@npmcli\run-script\lib\node-gyp-bin;C:\Program Files\OpenLogic\jdk-17.0.11.9-hotspot;C:\Windows\system32;C:\Windows;C:\Windows\System32\Wbem;C:\Windows\System32\WindowsPowerShell\v1.0\;C:\Windows\System32\OpenSSH\;C:\Program Files\nodejs\;C:\Users\APK\AppData\Local\Android\Sdk\platform-tools;C:\Users\APK\AppData\Local\Android\Sdk\build-tools;C:\Users\APK\AppData\Local\Android\Sdk;C:\Users\APK\AppData\Local\Android\Sdk\tools;C:\Users\APK\AppData\Local\Microsoft\WindowsApps;C:\Users\APK\AppData\Roaming\npm;C:\Users\APK\AppData\Local\Android\Sdk\platform-tools;C:\Users\APK\AppData\Local\Android\Sdk\build-tools;C:\Users\APK\AppData\Local\Android\Sdk;C:\Users\APK\AppData\Local\Programs\Microsoft VS Code\bin;C:\Program Files\OpenLogic\jdk-17.0.11.9-hotspot;
USERNAME=APK
LANG=en_US.UTF-8
OS=Windows_NT
PROCESSOR_IDENTIFIER=Intel64 Family 6 Model 78 Stepping 3, GenuineIntel
TMP=C:\Users\APK\AppData\Local\Temp
TEMP=C:\Users\APK\AppData\Local\Temp



Periodic native trim disabled


---------------  S Y S T E M  ---------------

OS:
 Windows 10 , 64 bit Build 19041 (10.0.19041.2913)
OS uptime: 3 days 15:52 hours

CPU: total 4 (initial active 4) (2 cores per cpu, 2 threads per core) family 6 model 78 stepping 3 microcode 0xcc, cx8, cmov, fxsr, ht, mmx, 3dnowpref, sse, sse2, sse3, ssse3, sse4.1, sse4.2, popcnt, lzcnt, tsc, tscinvbit, avx, avx2, aes, erms, clmul, bmi1, bmi2, adx, fma, vzeroupper, clflush, clflushopt
Processor Information for processor 0
  Max Mhz: 2400, Current Mhz: 1500, Mhz Limit: 2280
Processor Information for processor 1
  Max Mhz: 2400, Current Mhz: 2300, Mhz Limit: 2280
Processor Information for processor 2
  Max Mhz: 2400, Current Mhz: 1500, Mhz Limit: 2280
Processor Information for processor 3
  Max Mhz: 2400, Current Mhz: 1500, Mhz Limit: 2280

Memory: 4k page, system-wide physical 8030M (426M free)
TotalPageFile size 23223M (AvailPageFile size 28M)
current process WorkingSet (physical memory assigned to process): 429M, peak: 437M
current process commit charge ("private bytes"): 489M, peak: 775M

vm_info: OpenJDK 64-Bit Server VM (17.0.11+9-adhoc..jdk17u) for windows-amd64 JRE (17.0.11+9-adhoc..jdk17u), built on Apr 19 2024 08:33:45 by "" with MS VC++ 16.10 / 16.11 (VS2019)

END.
